{"C:\\code playground\\hello\\ctf\\CTF platform\\backend\\middleware.js": {"path":"C:\\code playground\\hello\\ctf\\CTF platform\\backend\\middleware.js","statementMap":{"0":{"start":{"line":2,"column":17},"end":{"line":2,"column":36}},"1":{"start":{"line":3,"column":36},"end":{"line":3,"column":64}},"2":{"start":{"line":4,"column":12},"end":{"line":4,"column":35}},"3":{"start":{"line":5,"column":15},"end":{"line":5,"column":32}},"4":{"start":{"line":6,"column":13},"end":{"line":6,"column":28}},"5":{"start":{"line":7,"column":11},"end":{"line":7,"column":24}},"6":{"start":{"line":8,"column":14},"end":{"line":8,"column":30}},"7":{"start":{"line":9,"column":18},"end":{"line":9,"column":47}},"8":{"start":{"line":10,"column":15},"end":{"line":10,"column":32}},"9":{"start":{"line":13,"column":16},"end":{"line":17,"column":2}},"10":{"start":{"line":19,"column":20},"end":{"line":24,"column":2}},"11":{"start":{"line":23,"column":25},"end":{"line":23,"column":47}},"12":{"start":{"line":26,"column":24},"end":{"line":41,"column":2}},"13":{"start":{"line":29,"column":25},"end":{"line":29,"column":47}},"14":{"start":{"line":30,"column":17},"end":{"line":30,"column":36}},"15":{"start":{"line":32,"column":22},"end":{"line":32,"column":78}},"16":{"start":{"line":33,"column":4},"end":{"line":39,"column":7}},"17":{"start":{"line":43,"column":31},"end":{"line":46,"column":2}},"18":{"start":{"line":48,"column":22},"end":{"line":52,"column":2}},"19":{"start":{"line":55,"column":26},"end":{"line":66,"column":1}},"20":{"start":{"line":56,"column":21},"end":{"line":56,"column":49}},"21":{"start":{"line":57,"column":16},"end":{"line":57,"column":54}},"22":{"start":{"line":59,"column":2},"end":{"line":59,"column":82}},"23":{"start":{"line":59,"column":14},"end":{"line":59,"column":82}},"24":{"start":{"line":61,"column":2},"end":{"line":65,"column":5}},"25":{"start":{"line":62,"column":4},"end":{"line":62,"column":82}},"26":{"start":{"line":62,"column":13},"end":{"line":62,"column":82}},"27":{"start":{"line":63,"column":4},"end":{"line":63,"column":20}},"28":{"start":{"line":64,"column":4},"end":{"line":64,"column":11}},"29":{"start":{"line":69,"column":22},"end":{"line":81,"column":2}},"30":{"start":{"line":71,"column":22},"end":{"line":71,"column":40}},"31":{"start":{"line":72,"column":4},"end":{"line":74,"column":5}},"32":{"start":{"line":73,"column":6},"end":{"line":73,"column":51}},"33":{"start":{"line":75,"column":4},"end":{"line":75,"column":24}},"34":{"start":{"line":78,"column":25},"end":{"line":78,"column":75}},"35":{"start":{"line":79,"column":4},"end":{"line":79,"column":73}},"36":{"start":{"line":83,"column":21},"end":{"line":89,"column":1}},"37":{"start":{"line":84,"column":2},"end":{"line":88,"column":3}},"38":{"start":{"line":85,"column":4},"end":{"line":85,"column":19}},"39":{"start":{"line":87,"column":4},"end":{"line":87,"column":58}},"40":{"start":{"line":91,"column":19},"end":{"line":91,"column":40}},"41":{"start":{"line":92,"column":20},"end":{"line":98,"column":3}},"42":{"start":{"line":99,"column":2},"end":{"line":99,"column":37}},"43":{"start":{"line":102,"column":15},"end":{"line":113,"column":3}},"44":{"start":{"line":115,"column":21},"end":{"line":115,"column":23}},"45":{"start":{"line":116,"column":2},"end":{"line":118,"column":3}},"46":{"start":{"line":116,"column":15},"end":{"line":116,"column":16}},"47":{"start":{"line":117,"column":4},"end":{"line":117,"column":67}},"48":{"start":{"line":120,"column":2},"end":{"line":120,"column":59}},"49":{"start":{"line":123,"column":21},"end":{"line":127,"column":2}},"50":{"start":{"line":130,"column":26},"end":{"line":138,"column":1}},"51":{"start":{"line":131,"column":2},"end":{"line":136,"column":3}},"52":{"start":{"line":132,"column":23},"end":{"line":132,"column":64}},"53":{"start":{"line":133,"column":4},"end":{"line":135,"column":5}},"54":{"start":{"line":134,"column":6},"end":{"line":134,"column":69}},"55":{"start":{"line":137,"column":2},"end":{"line":137,"column":9}},"56":{"start":{"line":140,"column":36},"end":{"line":156,"column":1}},"57":{"start":{"line":147,"column":19},"end":{"line":147,"column":40}},"58":{"start":{"line":148,"column":4},"end":{"line":153,"column":5}},"59":{"start":{"line":149,"column":6},"end":{"line":152,"column":9}},"60":{"start":{"line":154,"column":4},"end":{"line":154,"column":11}},"61":{"start":{"line":158,"column":26},"end":{"line":172,"column":1}},"62":{"start":{"line":159,"column":2},"end":{"line":171,"column":3}},"63":{"start":{"line":160,"column":22},"end":{"line":160,"column":80}},"64":{"start":{"line":161,"column":4},"end":{"line":166,"column":5}},"65":{"start":{"line":162,"column":6},"end":{"line":165,"column":9}},"66":{"start":{"line":167,"column":4},"end":{"line":167,"column":30}},"67":{"start":{"line":168,"column":4},"end":{"line":168,"column":11}},"68":{"start":{"line":170,"column":4},"end":{"line":170,"column":14}},"69":{"start":{"line":173,"column":29},"end":{"line":182,"column":1}},"70":{"start":{"line":174,"column":2},"end":{"line":180,"column":3}},"71":{"start":{"line":175,"column":4},"end":{"line":179,"column":7}},"72":{"start":{"line":181,"column":2},"end":{"line":181,"column":9}},"73":{"start":{"line":184,"column":26},"end":{"line":193,"column":1}},"74":{"start":{"line":185,"column":2},"end":{"line":191,"column":3}},"75":{"start":{"line":186,"column":4},"end":{"line":190,"column":7}},"76":{"start":{"line":192,"column":2},"end":{"line":192,"column":9}},"77":{"start":{"line":195,"column":17},"end":{"line":195,"column":18}},"78":{"start":{"line":196,"column":23},"end":{"line":196,"column":25}},"79":{"start":{"line":198,"column":27},"end":{"line":207,"column":1}},"80":{"start":{"line":210,"column":24},"end":{"line":215,"column":1}},"81":{"start":{"line":218,"column":21},"end":{"line":221,"column":1}},"82":{"start":{"line":224,"column":25},"end":{"line":227,"column":1}},"83":{"start":{"line":229,"column":22},"end":{"line":229,"column":57}},"84":{"start":{"line":229,"column":32},"end":{"line":229,"column":57}},"85":{"start":{"line":230,"column":24},"end":{"line":233,"column":1}},"86":{"start":{"line":231,"column":20},"end":{"line":231,"column":57}},"87":{"start":{"line":232,"column":2},"end":{"line":232,"column":38}},"88":{"start":{"line":234,"column":24},"end":{"line":234,"column":32}},"89":{"start":{"line":235,"column":0},"end":{"line":257,"column":2}}},"fnMap":{"0":{"name":"(anonymous_0)","decl":{"start":{"line":23,"column":16},"end":{"line":23,"column":17}},"loc":{"start":{"line":23,"column":25},"end":{"line":23,"column":47}},"line":23},"1":{"name":"(anonymous_1)","decl":{"start":{"line":29,"column":16},"end":{"line":29,"column":17}},"loc":{"start":{"line":29,"column":25},"end":{"line":29,"column":47}},"line":29},"2":{"name":"(anonymous_2)","decl":{"start":{"line":30,"column":8},"end":{"line":30,"column":9}},"loc":{"start":{"line":30,"column":17},"end":{"line":30,"column":36}},"line":30},"3":{"name":"(anonymous_3)","decl":{"start":{"line":31,"column":11},"end":{"line":31,"column":12}},"loc":{"start":{"line":31,"column":25},"end":{"line":40,"column":3}},"line":31},"4":{"name":"(anonymous_4)","decl":{"start":{"line":55,"column":26},"end":{"line":55,"column":27}},"loc":{"start":{"line":55,"column":46},"end":{"line":66,"column":1}},"line":55},"5":{"name":"(anonymous_5)","decl":{"start":{"line":61,"column":44},"end":{"line":61,"column":45}},"loc":{"start":{"line":61,"column":59},"end":{"line":65,"column":3}},"line":61},"6":{"name":"(anonymous_6)","decl":{"start":{"line":70,"column":15},"end":{"line":70,"column":16}},"loc":{"start":{"line":70,"column":34},"end":{"line":76,"column":3}},"line":70},"7":{"name":"(anonymous_7)","decl":{"start":{"line":77,"column":12},"end":{"line":77,"column":13}},"loc":{"start":{"line":77,"column":31},"end":{"line":80,"column":3}},"line":77},"8":{"name":"(anonymous_8)","decl":{"start":{"line":83,"column":21},"end":{"line":83,"column":22}},"loc":{"start":{"line":83,"column":40},"end":{"line":89,"column":1}},"line":83},"9":{"name":"getPredefinedResponse","decl":{"start":{"line":90,"column":9},"end":{"line":90,"column":30}},"loc":{"start":{"line":90,"column":40},"end":{"line":100,"column":1}},"line":90},"10":{"name":"getGeneralCTFAdvice","decl":{"start":{"line":101,"column":9},"end":{"line":101,"column":28}},"loc":{"start":{"line":101,"column":31},"end":{"line":121,"column":1}},"line":101},"11":{"name":"(anonymous_11)","decl":{"start":{"line":130,"column":26},"end":{"line":130,"column":27}},"loc":{"start":{"line":130,"column":46},"end":{"line":138,"column":1}},"line":130},"12":{"name":"(anonymous_12)","decl":{"start":{"line":146,"column":2},"end":{"line":146,"column":3}},"loc":{"start":{"line":146,"column":22},"end":{"line":155,"column":3}},"line":146},"13":{"name":"(anonymous_13)","decl":{"start":{"line":158,"column":26},"end":{"line":158,"column":27}},"loc":{"start":{"line":158,"column":52},"end":{"line":172,"column":1}},"line":158},"14":{"name":"(anonymous_14)","decl":{"start":{"line":173,"column":29},"end":{"line":173,"column":30}},"loc":{"start":{"line":173,"column":55},"end":{"line":182,"column":1}},"line":173},"15":{"name":"(anonymous_15)","decl":{"start":{"line":184,"column":26},"end":{"line":184,"column":27}},"loc":{"start":{"line":184,"column":52},"end":{"line":193,"column":1}},"line":184},"16":{"name":"(anonymous_16)","decl":{"start":{"line":229,"column":22},"end":{"line":229,"column":23}},"loc":{"start":{"line":229,"column":32},"end":{"line":229,"column":57}},"line":229},"17":{"name":"(anonymous_17)","decl":{"start":{"line":230,"column":24},"end":{"line":230,"column":25}},"loc":{"start":{"line":230,"column":40},"end":{"line":233,"column":1}},"line":230}},"branchMap":{"0":{"loc":{"start":{"line":23,"column":25},"end":{"line":23,"column":47}},"type":"binary-expr","locations":[{"start":{"line":23,"column":25},"end":{"line":23,"column":37}},{"start":{"line":23,"column":41},"end":{"line":23,"column":47}}],"line":23},"1":{"loc":{"start":{"line":29,"column":25},"end":{"line":29,"column":47}},"type":"binary-expr","locations":[{"start":{"line":29,"column":25},"end":{"line":29,"column":37}},{"start":{"line":29,"column":41},"end":{"line":29,"column":47}}],"line":29},"2":{"loc":{"start":{"line":57,"column":16},"end":{"line":57,"column":54}},"type":"binary-expr","locations":[{"start":{"line":57,"column":16},"end":{"line":57,"column":26}},{"start":{"line":57,"column":30},"end":{"line":57,"column":54}}],"line":57},"3":{"loc":{"start":{"line":59,"column":2},"end":{"line":59,"column":82}},"type":"if","locations":[{"start":{"line":59,"column":2},"end":{"line":59,"column":82}},{"start":{},"end":{}}],"line":59},"4":{"loc":{"start":{"line":62,"column":4},"end":{"line":62,"column":82}},"type":"if","locations":[{"start":{"line":62,"column":4},"end":{"line":62,"column":82}},{"start":{},"end":{}}],"line":62},"5":{"loc":{"start":{"line":72,"column":4},"end":{"line":74,"column":5}},"type":"if","locations":[{"start":{"line":72,"column":4},"end":{"line":74,"column":5}},{"start":{},"end":{}}],"line":72},"6":{"loc":{"start":{"line":84,"column":2},"end":{"line":88,"column":3}},"type":"if","locations":[{"start":{"line":84,"column":2},"end":{"line":88,"column":3}},{"start":{"line":86,"column":9},"end":{"line":88,"column":3}}],"line":84},"7":{"loc":{"start":{"line":99,"column":9},"end":{"line":99,"column":36}},"type":"binary-expr","locations":[{"start":{"line":99,"column":9},"end":{"line":99,"column":28}},{"start":{"line":99,"column":32},"end":{"line":99,"column":36}}],"line":99},"8":{"loc":{"start":{"line":131,"column":2},"end":{"line":136,"column":3}},"type":"if","locations":[{"start":{"line":131,"column":2},"end":{"line":136,"column":3}},{"start":{},"end":{}}],"line":131},"9":{"loc":{"start":{"line":133,"column":4},"end":{"line":135,"column":5}},"type":"if","locations":[{"start":{"line":133,"column":4},"end":{"line":135,"column":5}},{"start":{},"end":{}}],"line":133},"10":{"loc":{"start":{"line":148,"column":4},"end":{"line":153,"column":5}},"type":"if","locations":[{"start":{"line":148,"column":4},"end":{"line":153,"column":5}},{"start":{},"end":{}}],"line":148},"11":{"loc":{"start":{"line":161,"column":4},"end":{"line":166,"column":5}},"type":"if","locations":[{"start":{"line":161,"column":4},"end":{"line":166,"column":5}},{"start":{},"end":{}}],"line":161},"12":{"loc":{"start":{"line":174,"column":2},"end":{"line":180,"column":3}},"type":"if","locations":[{"start":{"line":174,"column":2},"end":{"line":180,"column":3}},{"start":{},"end":{}}],"line":174},"13":{"loc":{"start":{"line":185,"column":2},"end":{"line":191,"column":3}},"type":"if","locations":[{"start":{"line":185,"column":2},"end":{"line":191,"column":3}},{"start":{},"end":{}}],"line":185},"14":{"loc":{"start":{"line":232,"column":9},"end":{"line":232,"column":37}},"type":"binary-expr","locations":[{"start":{"line":232,"column":9},"end":{"line":232,"column":30}},{"start":{"line":232,"column":34},"end":{"line":232,"column":37}}],"line":232}},"s":{"0":2,"1":2,"2":2,"3":2,"4":2,"5":2,"6":2,"7":2,"8":2,"9":2,"10":2,"11":0,"12":2,"13":0,"14":0,"15":0,"16":0,"17":2,"18":2,"19":2,"20":3,"21":3,"22":3,"23":1,"24":2,"25":2,"26":0,"27":2,"28":2,"29":2,"30":0,"31":0,"32":0,"33":0,"34":0,"35":0,"36":2,"37":0,"38":0,"39":0,"40":2,"41":2,"42":2,"43":1,"44":1,"45":1,"46":1,"47":3,"48":1,"49":2,"50":2,"51":1,"52":1,"53":1,"54":0,"55":1,"56":2,"57":0,"58":0,"59":0,"60":0,"61":2,"62":0,"63":0,"64":0,"65":0,"66":0,"67":0,"68":0,"69":2,"70":0,"71":0,"72":0,"73":2,"74":0,"75":0,"76":0,"77":2,"78":2,"79":2,"80":2,"81":2,"82":2,"83":2,"84":1,"85":2,"86":4,"87":4,"88":2,"89":2},"f":{"0":0,"1":0,"2":0,"3":0,"4":3,"5":2,"6":0,"7":0,"8":0,"9":2,"10":1,"11":1,"12":0,"13":0,"14":0,"15":0,"16":1,"17":4},"b":{"0":[0,0],"1":[0,0],"2":[3,2],"3":[1,2],"4":[0,2],"5":[0,0],"6":[0,0],"7":[2,1],"8":[1,0],"9":[0,1],"10":[0,0],"11":[0,0],"12":[0,0],"13":[0,0],"14":[4,0]},"_coverageSchema":"1a1c01bbd47fc00a2c39e90264f33305004495a9","hash":"dbf177cb51d899abc50cd39ecbb144bef255ce00"}
,"C:\\code playground\\hello\\ctf\\CTF platform\\backend\\models.js": {"path":"C:\\code playground\\hello\\ctf\\CTF platform\\backend\\models.js","statementMap":{"0":{"start":{"line":2,"column":17},"end":{"line":2,"column":36}},"1":{"start":{"line":3,"column":15},"end":{"line":3,"column":34}},"2":{"start":{"line":5,"column":19},"end":{"line":24,"column":2}},"3":{"start":{"line":26,"column":24},"end":{"line":82,"column":2}},"4":{"start":{"line":84,"column":25},"end":{"line":126,"column":24}},"5":{"start":{"line":128,"column":22},"end":{"line":165,"column":24}},"6":{"start":{"line":168,"column":13},"end":{"line":168,"column":47}},"7":{"start":{"line":169,"column":18},"end":{"line":169,"column":62}},"8":{"start":{"line":170,"column":19},"end":{"line":170,"column":65}},"9":{"start":{"line":171,"column":16},"end":{"line":171,"column":56}},"10":{"start":{"line":173,"column":0},"end":{"line":173,"column":44}},"11":{"start":{"line":174,"column":0},"end":{"line":174,"column":54}},"12":{"start":{"line":177,"column":2},"end":{"line":210,"column":3}},"13":{"start":{"line":179,"column":4},"end":{"line":179,"column":54}},"14":{"start":{"line":179,"column":47},"end":{"line":179,"column":54}},"15":{"start":{"line":181,"column":21},"end":{"line":181,"column":63}},"16":{"start":{"line":182,"column":4},"end":{"line":190,"column":5}},"17":{"start":{"line":183,"column":6},"end":{"line":188,"column":9}},"18":{"start":{"line":189,"column":6},"end":{"line":189,"column":30}},"19":{"start":{"line":193,"column":23},"end":{"line":199,"column":6}},"20":{"start":{"line":201,"column":4},"end":{"line":207,"column":5}},"21":{"start":{"line":202,"column":6},"end":{"line":202,"column":78}},"22":{"start":{"line":203,"column":6},"end":{"line":206,"column":8}},"23":{"start":{"line":204,"column":42},"end":{"line":204,"column":47}},"24":{"start":{"line":209,"column":4},"end":{"line":209,"column":43}},"25":{"start":{"line":212,"column":0},"end":{"line":218,"column":2}}},"fnMap":{"0":{"name":"migrateChallenges","decl":{"start":{"line":176,"column":15},"end":{"line":176,"column":32}},"loc":{"start":{"line":176,"column":35},"end":{"line":211,"column":1}},"line":176},"1":{"name":"(anonymous_1)","decl":{"start":{"line":204,"column":37},"end":{"line":204,"column":38}},"loc":{"start":{"line":204,"column":42},"end":{"line":204,"column":47}},"line":204}},"branchMap":{"0":{"loc":{"start":{"line":179,"column":4},"end":{"line":179,"column":54}},"type":"if","locations":[{"start":{"line":179,"column":4},"end":{"line":179,"column":54}},{"start":{},"end":{}}],"line":179},"1":{"loc":{"start":{"line":182,"column":4},"end":{"line":190,"column":5}},"type":"if","locations":[{"start":{"line":182,"column":4},"end":{"line":190,"column":5}},{"start":{},"end":{}}],"line":182},"2":{"loc":{"start":{"line":201,"column":4},"end":{"line":207,"column":5}},"type":"if","locations":[{"start":{"line":201,"column":4},"end":{"line":207,"column":5}},{"start":{},"end":{}}],"line":201}},"s":{"0":1,"1":1,"2":1,"3":1,"4":1,"5":1,"6":1,"7":1,"8":1,"9":1,"10":1,"11":1,"12":0,"13":0,"14":0,"15":0,"16":0,"17":0,"18":0,"19":0,"20":0,"21":0,"22":0,"23":0,"24":0,"25":1},"f":{"0":0,"1":0},"b":{"0":[0,0],"1":[0,0],"2":[0,0]},"_coverageSchema":"1a1c01bbd47fc00a2c39e90264f33305004495a9","hash":"ea422f83624cf8d19f02f59349657a15657fc657"}
,"C:\\code playground\\hello\\ctf\\CTF platform\\backend\\routes.js": {"path":"C:\\code playground\\hello\\ctf\\CTF platform\\backend\\routes.js","statementMap":{"0":{"start":{"line":2,"column":17},"end":{"line":2,"column":36}},"1":{"start":{"line":3,"column":16},"end":{"line":3,"column":34}},"2":{"start":{"line":4,"column":15},"end":{"line":4,"column":31}},"3":{"start":{"line":5,"column":36},"end":{"line":5,"column":64}},"4":{"start":{"line":6,"column":15},"end":{"line":6,"column":34}},"5":{"start":{"line":7,"column":12},"end":{"line":7,"column":35}},"6":{"start":{"line":8,"column":13},"end":{"line":8,"column":28}},"7":{"start":{"line":9,"column":11},"end":{"line":9,"column":24}},"8":{"start":{"line":10,"column":14},"end":{"line":10,"column":30}},"9":{"start":{"line":11,"column":15},"end":{"line":11,"column":32}},"10":{"start":{"line":33,"column":4},"end":{"line":33,"column":27}},"11":{"start":{"line":34,"column":49},"end":{"line":34,"column":68}},"12":{"start":{"line":36,"column":26},"end":{"line":36,"column":28}},"13":{"start":{"line":37,"column":22},"end":{"line":37,"column":24}},"14":{"start":{"line":38,"column":17},"end":{"line":38,"column":18}},"15":{"start":{"line":39,"column":23},"end":{"line":39,"column":25}},"16":{"start":{"line":41,"column":15},"end":{"line":43,"column":2}},"17":{"start":{"line":48,"column":2},"end":{"line":78,"column":3}},"18":{"start":{"line":49,"column":29},"end":{"line":51,"column":88}},"19":{"start":{"line":53,"column":23},"end":{"line":63,"column":6}},"20":{"start":{"line":65,"column":4},"end":{"line":65,"column":49}},"21":{"start":{"line":67,"column":4},"end":{"line":67,"column":52}},"22":{"start":{"line":68,"column":26},"end":{"line":75,"column":5}},"23":{"start":{"line":76,"column":4},"end":{"line":77,"column":67}},"24":{"start":{"line":81,"column":16},"end":{"line":81,"column":36}},"25":{"start":{"line":82,"column":2},"end":{"line":82,"column":72}},"26":{"start":{"line":83,"column":2},"end":{"line":83,"column":49}},"27":{"start":{"line":84,"column":2},"end":{"line":84,"column":53}},"28":{"start":{"line":85,"column":2},"end":{"line":85,"column":69}},"29":{"start":{"line":86,"column":2},"end":{"line":86,"column":69}},"30":{"start":{"line":87,"column":2},"end":{"line":87,"column":17}},"31":{"start":{"line":91,"column":15},"end":{"line":98,"column":3}},"32":{"start":{"line":99,"column":2},"end":{"line":99,"column":68}},"33":{"start":{"line":99,"column":45},"end":{"line":99,"column":53}},"34":{"start":{"line":103,"column":21},"end":{"line":110,"column":3}},"35":{"start":{"line":111,"column":2},"end":{"line":111,"column":77}},"36":{"start":{"line":111,"column":54},"end":{"line":111,"column":62}},"37":{"start":{"line":115,"column":0},"end":{"line":156,"column":3}},"38":{"start":{"line":120,"column":17},"end":{"line":120,"column":38}},"39":{"start":{"line":121,"column":2},"end":{"line":121,"column":81}},"40":{"start":{"line":121,"column":25},"end":{"line":121,"column":81}},"41":{"start":{"line":123,"column":2},"end":{"line":155,"column":3}},"42":{"start":{"line":124,"column":42},"end":{"line":124,"column":50}},"43":{"start":{"line":127,"column":25},"end":{"line":129,"column":6}},"44":{"start":{"line":131,"column":4},"end":{"line":139,"column":5}},"45":{"start":{"line":132,"column":26},"end":{"line":132,"column":28}},"46":{"start":{"line":133,"column":6},"end":{"line":133,"column":73}},"47":{"start":{"line":133,"column":46},"end":{"line":133,"column":73}},"48":{"start":{"line":134,"column":6},"end":{"line":134,"column":64}},"49":{"start":{"line":134,"column":40},"end":{"line":134,"column":64}},"50":{"start":{"line":136,"column":6},"end":{"line":138,"column":9}},"51":{"start":{"line":141,"column":4},"end":{"line":143,"column":5}},"52":{"start":{"line":142,"column":6},"end":{"line":142,"column":70}},"53":{"start":{"line":145,"column":17},"end":{"line":145,"column":89}},"54":{"start":{"line":146,"column":4},"end":{"line":146,"column":22}},"55":{"start":{"line":147,"column":18},"end":{"line":147,"column":90}},"56":{"start":{"line":149,"column":4},"end":{"line":152,"column":7}},"57":{"start":{"line":154,"column":4},"end":{"line":154,"column":61}},"58":{"start":{"line":158,"column":0},"end":{"line":189,"column":3}},"59":{"start":{"line":162,"column":17},"end":{"line":162,"column":38}},"60":{"start":{"line":163,"column":2},"end":{"line":163,"column":81}},"61":{"start":{"line":163,"column":25},"end":{"line":163,"column":81}},"62":{"start":{"line":165,"column":2},"end":{"line":188,"column":3}},"63":{"start":{"line":166,"column":35},"end":{"line":166,"column":43}},"64":{"start":{"line":167,"column":17},"end":{"line":167,"column":49}},"65":{"start":{"line":169,"column":4},"end":{"line":171,"column":5}},"66":{"start":{"line":170,"column":6},"end":{"line":170,"column":70}},"67":{"start":{"line":173,"column":18},"end":{"line":173,"column":90}},"68":{"start":{"line":175,"column":4},"end":{"line":185,"column":7}},"69":{"start":{"line":187,"column":4},"end":{"line":187,"column":54}},"70":{"start":{"line":191,"column":0},"end":{"line":193,"column":3}},"71":{"start":{"line":192,"column":2},"end":{"line":192,"column":63}},"72":{"start":{"line":196,"column":0},"end":{"line":214,"column":3}},"73":{"start":{"line":199,"column":2},"end":{"line":199,"column":57}},"74":{"start":{"line":199,"column":31},"end":{"line":199,"column":55}},"75":{"start":{"line":200,"column":17},"end":{"line":200,"column":38}},"76":{"start":{"line":201,"column":2},"end":{"line":201,"column":81}},"77":{"start":{"line":201,"column":25},"end":{"line":201,"column":81}},"78":{"start":{"line":203,"column":2},"end":{"line":213,"column":3}},"79":{"start":{"line":204,"column":17},"end":{"line":204,"column":62}},"80":{"start":{"line":205,"column":4},"end":{"line":205,"column":74}},"81":{"start":{"line":205,"column":15},"end":{"line":205,"column":74}},"82":{"start":{"line":207,"column":23},"end":{"line":207,"column":94}},"83":{"start":{"line":208,"column":4},"end":{"line":210,"column":7}},"84":{"start":{"line":212,"column":4},"end":{"line":212,"column":67}},"85":{"start":{"line":216,"column":0},"end":{"line":234,"column":3}},"86":{"start":{"line":220,"column":17},"end":{"line":220,"column":38}},"87":{"start":{"line":221,"column":2},"end":{"line":221,"column":81}},"88":{"start":{"line":221,"column":25},"end":{"line":221,"column":81}},"89":{"start":{"line":223,"column":2},"end":{"line":233,"column":3}},"90":{"start":{"line":224,"column":20},"end":{"line":224,"column":70}},"91":{"start":{"line":225,"column":17},"end":{"line":225,"column":48}},"92":{"start":{"line":226,"column":4},"end":{"line":226,"column":73}},"93":{"start":{"line":226,"column":15},"end":{"line":226,"column":73}},"94":{"start":{"line":228,"column":4},"end":{"line":228,"column":64}},"95":{"start":{"line":229,"column":4},"end":{"line":229,"column":22}},"96":{"start":{"line":230,"column":4},"end":{"line":230,"column":58}},"97":{"start":{"line":232,"column":4},"end":{"line":232,"column":66}},"98":{"start":{"line":237,"column":0},"end":{"line":271,"column":2}},"99":{"start":{"line":241,"column":4},"end":{"line":269,"column":5}},"100":{"start":{"line":242,"column":6},"end":{"line":244,"column":7}},"101":{"start":{"line":243,"column":8},"end":{"line":243,"column":69}},"102":{"start":{"line":247,"column":30},"end":{"line":247,"column":62}},"103":{"start":{"line":248,"column":6},"end":{"line":251,"column":54}},"104":{"start":{"line":254,"column":6},"end":{"line":254,"column":35}},"105":{"start":{"line":257,"column":19},"end":{"line":261,"column":7}},"106":{"start":{"line":263,"column":6},"end":{"line":265,"column":9}},"107":{"start":{"line":267,"column":6},"end":{"line":267,"column":25}},"108":{"start":{"line":268,"column":6},"end":{"line":268,"column":64}},"109":{"start":{"line":273,"column":0},"end":{"line":291,"column":3}},"110":{"start":{"line":274,"column":2},"end":{"line":290,"column":3}},"111":{"start":{"line":275,"column":17},"end":{"line":275,"column":49}},"112":{"start":{"line":277,"column":4},"end":{"line":282,"column":5}},"113":{"start":{"line":278,"column":25},"end":{"line":278,"column":66}},"114":{"start":{"line":279,"column":6},"end":{"line":281,"column":7}},"115":{"start":{"line":280,"column":8},"end":{"line":280,"column":34}},"116":{"start":{"line":284,"column":4},"end":{"line":284,"column":39}},"117":{"start":{"line":285,"column":4},"end":{"line":285,"column":22}},"118":{"start":{"line":287,"column":4},"end":{"line":287,"column":53}},"119":{"start":{"line":289,"column":4},"end":{"line":289,"column":64}},"120":{"start":{"line":293,"column":0},"end":{"line":306,"column":3}},"121":{"start":{"line":294,"column":2},"end":{"line":305,"column":3}},"122":{"start":{"line":295,"column":17},"end":{"line":297,"column":62}},"123":{"start":{"line":299,"column":4},"end":{"line":299,"column":74}},"124":{"start":{"line":299,"column":15},"end":{"line":299,"column":74}},"125":{"start":{"line":301,"column":17},"end":{"line":301,"column":80}},"126":{"start":{"line":302,"column":4},"end":{"line":302,"column":49}},"127":{"start":{"line":304,"column":4},"end":{"line":304,"column":65}},"128":{"start":{"line":308,"column":0},"end":{"line":335,"column":3}},"129":{"start":{"line":316,"column":17},"end":{"line":316,"column":38}},"130":{"start":{"line":317,"column":2},"end":{"line":317,"column":81}},"131":{"start":{"line":317,"column":25},"end":{"line":317,"column":81}},"132":{"start":{"line":319,"column":2},"end":{"line":334,"column":3}},"133":{"start":{"line":320,"column":37},"end":{"line":320,"column":45}},"134":{"start":{"line":321,"column":4},"end":{"line":323,"column":5}},"135":{"start":{"line":322,"column":6},"end":{"line":322,"column":71}},"136":{"start":{"line":325,"column":24},"end":{"line":329,"column":25}},"137":{"start":{"line":331,"column":4},"end":{"line":331,"column":38}},"138":{"start":{"line":333,"column":4},"end":{"line":333,"column":66}},"139":{"start":{"line":337,"column":0},"end":{"line":356,"column":3}},"140":{"start":{"line":341,"column":17},"end":{"line":341,"column":38}},"141":{"start":{"line":342,"column":2},"end":{"line":342,"column":81}},"142":{"start":{"line":342,"column":25},"end":{"line":342,"column":81}},"143":{"start":{"line":344,"column":2},"end":{"line":355,"column":3}},"144":{"start":{"line":345,"column":17},"end":{"line":345,"column":49}},"145":{"start":{"line":346,"column":4},"end":{"line":348,"column":5}},"146":{"start":{"line":347,"column":6},"end":{"line":347,"column":80}},"147":{"start":{"line":350,"column":4},"end":{"line":350,"column":64}},"148":{"start":{"line":351,"column":4},"end":{"line":351,"column":22}},"149":{"start":{"line":352,"column":4},"end":{"line":352,"column":58}},"150":{"start":{"line":354,"column":4},"end":{"line":354,"column":67}},"151":{"start":{"line":359,"column":0},"end":{"line":388,"column":3}},"152":{"start":{"line":366,"column":17},"end":{"line":366,"column":38}},"153":{"start":{"line":367,"column":2},"end":{"line":367,"column":81}},"154":{"start":{"line":367,"column":25},"end":{"line":367,"column":81}},"155":{"start":{"line":369,"column":2},"end":{"line":387,"column":3}},"156":{"start":{"line":370,"column":22},"end":{"line":375,"column":6}},"157":{"start":{"line":377,"column":4},"end":{"line":377,"column":27}},"158":{"start":{"line":380,"column":4},"end":{"line":382,"column":7}},"159":{"start":{"line":384,"column":4},"end":{"line":384,"column":36}},"160":{"start":{"line":386,"column":4},"end":{"line":386,"column":67}},"161":{"start":{"line":389,"column":0},"end":{"line":398,"column":3}},"162":{"start":{"line":390,"column":2},"end":{"line":397,"column":3}},"163":{"start":{"line":391,"column":23},"end":{"line":393,"column":37}},"164":{"start":{"line":394,"column":4},"end":{"line":394,"column":25}},"165":{"start":{"line":396,"column":4},"end":{"line":396,"column":68}},"166":{"start":{"line":400,"column":0},"end":{"line":412,"column":3}},"167":{"start":{"line":401,"column":2},"end":{"line":411,"column":3}},"168":{"start":{"line":402,"column":4},"end":{"line":404,"column":5}},"169":{"start":{"line":403,"column":6},"end":{"line":403,"column":69}},"170":{"start":{"line":405,"column":23},"end":{"line":407,"column":37}},"171":{"start":{"line":408,"column":4},"end":{"line":408,"column":25}},"172":{"start":{"line":410,"column":4},"end":{"line":410,"column":68}},"173":{"start":{"line":414,"column":0},"end":{"line":471,"column":2}},"174":{"start":{"line":420,"column":4},"end":{"line":469,"column":5}},"175":{"start":{"line":421,"column":24},"end":{"line":421,"column":63}},"176":{"start":{"line":422,"column":19},"end":{"line":422,"column":51}},"177":{"start":{"line":425,"column":6},"end":{"line":430,"column":7}},"178":{"start":{"line":426,"column":8},"end":{"line":429,"column":11}},"179":{"start":{"line":433,"column":6},"end":{"line":438,"column":7}},"180":{"start":{"line":434,"column":8},"end":{"line":437,"column":11}},"181":{"start":{"line":441,"column":6},"end":{"line":447,"column":7}},"182":{"start":{"line":442,"column":8},"end":{"line":446,"column":11}},"183":{"start":{"line":450,"column":6},"end":{"line":450,"column":48}},"184":{"start":{"line":451,"column":6},"end":{"line":451,"column":38}},"185":{"start":{"line":452,"column":6},"end":{"line":452,"column":24}},"186":{"start":{"line":454,"column":6},"end":{"line":454,"column":28}},"187":{"start":{"line":455,"column":6},"end":{"line":455,"column":29}},"188":{"start":{"line":457,"column":6},"end":{"line":461,"column":9}},"189":{"start":{"line":464,"column":6},"end":{"line":464,"column":46}},"190":{"start":{"line":465,"column":6},"end":{"line":468,"column":9}},"191":{"start":{"line":473,"column":0},"end":{"line":489,"column":3}},"192":{"start":{"line":474,"column":2},"end":{"line":488,"column":3}},"193":{"start":{"line":475,"column":22},"end":{"line":475,"column":61}},"194":{"start":{"line":476,"column":4},"end":{"line":476,"column":84}},"195":{"start":{"line":476,"column":20},"end":{"line":476,"column":84}},"196":{"start":{"line":479,"column":18},"end":{"line":483,"column":7}},"197":{"start":{"line":479,"column":47},"end":{"line":483,"column":5}},"198":{"start":{"line":485,"column":4},"end":{"line":485,"column":20}},"199":{"start":{"line":487,"column":4},"end":{"line":487,"column":63}},"200":{"start":{"line":491,"column":0},"end":{"line":526,"column":3}},"201":{"start":{"line":492,"column":2},"end":{"line":525,"column":3}},"202":{"start":{"line":493,"column":22},"end":{"line":493,"column":61}},"203":{"start":{"line":494,"column":17},"end":{"line":494,"column":49}},"204":{"start":{"line":496,"column":4},"end":{"line":498,"column":5}},"205":{"start":{"line":497,"column":6},"end":{"line":497,"column":78}},"206":{"start":{"line":500,"column":17},"end":{"line":502,"column":5}},"207":{"start":{"line":501,"column":6},"end":{"line":501,"column":65}},"208":{"start":{"line":504,"column":4},"end":{"line":506,"column":5}},"209":{"start":{"line":505,"column":6},"end":{"line":505,"column":65}},"210":{"start":{"line":508,"column":4},"end":{"line":512,"column":5}},"211":{"start":{"line":509,"column":6},"end":{"line":511,"column":9}},"212":{"start":{"line":514,"column":4},"end":{"line":514,"column":29}},"213":{"start":{"line":515,"column":4},"end":{"line":515,"column":22}},"214":{"start":{"line":517,"column":4},"end":{"line":522,"column":7}},"215":{"start":{"line":524,"column":4},"end":{"line":524,"column":60}},"216":{"start":{"line":529,"column":0},"end":{"line":661,"column":3}},"217":{"start":{"line":530,"column":2},"end":{"line":660,"column":3}},"218":{"start":{"line":531,"column":37},"end":{"line":531,"column":45}},"219":{"start":{"line":532,"column":17},"end":{"line":532,"column":49}},"220":{"start":{"line":533,"column":21},"end":{"line":533,"column":49}},"221":{"start":{"line":536,"column":23},"end":{"line":536,"column":54}},"222":{"start":{"line":537,"column":4},"end":{"line":543,"column":5}},"223":{"start":{"line":538,"column":6},"end":{"line":542,"column":9}},"224":{"start":{"line":546,"column":20},"end":{"line":546,"column":42}},"225":{"start":{"line":547,"column":26},"end":{"line":547,"column":74}},"226":{"start":{"line":548,"column":26},"end":{"line":548,"column":96}},"227":{"start":{"line":549,"column":28},"end":{"line":549,"column":80}},"228":{"start":{"line":550,"column":26},"end":{"line":550,"column":74}},"229":{"start":{"line":553,"column":4},"end":{"line":621,"column":5}},"230":{"start":{"line":554,"column":6},"end":{"line":560,"column":7}},"231":{"start":{"line":555,"column":8},"end":{"line":559,"column":11}},"232":{"start":{"line":562,"column":24},"end":{"line":562,"column":61}},"233":{"start":{"line":563,"column":6},"end":{"line":568,"column":7}},"234":{"start":{"line":564,"column":8},"end":{"line":567,"column":11}},"235":{"start":{"line":571,"column":6},"end":{"line":576,"column":7}},"236":{"start":{"line":572,"column":8},"end":{"line":575,"column":11}},"237":{"start":{"line":579,"column":6},"end":{"line":601,"column":7}},"238":{"start":{"line":580,"column":32},"end":{"line":582,"column":42}},"239":{"start":{"line":581,"column":23},"end":{"line":581,"column":44}},"240":{"start":{"line":582,"column":26},"end":{"line":582,"column":41}},"241":{"start":{"line":584,"column":8},"end":{"line":589,"column":9}},"242":{"start":{"line":585,"column":10},"end":{"line":588,"column":13}},"243":{"start":{"line":586,"column":80},"end":{"line":586,"column":86}},"244":{"start":{"line":592,"column":29},"end":{"line":592,"column":47}},"245":{"start":{"line":593,"column":8},"end":{"line":593,"column":41}},"246":{"start":{"line":594,"column":8},"end":{"line":594,"column":26}},"247":{"start":{"line":596,"column":8},"end":{"line":600,"column":11}},"248":{"start":{"line":604,"column":23},"end":{"line":604,"column":47}},"249":{"start":{"line":605,"column":6},"end":{"line":610,"column":7}},"250":{"start":{"line":606,"column":8},"end":{"line":609,"column":11}},"251":{"start":{"line":612,"column":19},"end":{"line":612,"column":50}},"252":{"start":{"line":613,"column":6},"end":{"line":613,"column":30}},"253":{"start":{"line":614,"column":6},"end":{"line":614,"column":24}},"254":{"start":{"line":616,"column":6},"end":{"line":620,"column":9}},"255":{"start":{"line":624,"column":4},"end":{"line":635,"column":5}},"256":{"start":{"line":625,"column":25},"end":{"line":625,"column":57}},"257":{"start":{"line":626,"column":23},"end":{"line":628,"column":32}},"258":{"start":{"line":630,"column":6},"end":{"line":634,"column":9}},"259":{"start":{"line":638,"column":4},"end":{"line":644,"column":5}},"260":{"start":{"line":639,"column":6},"end":{"line":643,"column":9}},"261":{"start":{"line":647,"column":4},"end":{"line":651,"column":7}},"262":{"start":{"line":654,"column":4},"end":{"line":654,"column":40}},"263":{"start":{"line":655,"column":4},"end":{"line":659,"column":7}},"264":{"start":{"line":664,"column":0},"end":{"line":672,"column":3}},"265":{"start":{"line":665,"column":2},"end":{"line":671,"column":3}},"266":{"start":{"line":666,"column":17},"end":{"line":667,"column":69}},"267":{"start":{"line":668,"column":4},"end":{"line":668,"column":40}},"268":{"start":{"line":670,"column":4},"end":{"line":670,"column":67}},"269":{"start":{"line":674,"column":0},"end":{"line":687,"column":3}},"270":{"start":{"line":675,"column":2},"end":{"line":686,"column":3}},"271":{"start":{"line":676,"column":28},"end":{"line":676,"column":36}},"272":{"start":{"line":677,"column":17},"end":{"line":681,"column":68}},"273":{"start":{"line":683,"column":4},"end":{"line":683,"column":34}},"274":{"start":{"line":685,"column":4},"end":{"line":685,"column":68}},"275":{"start":{"line":689,"column":0},"end":{"line":701,"column":3}},"276":{"start":{"line":690,"column":2},"end":{"line":700,"column":3}},"277":{"start":{"line":691,"column":17},"end":{"line":695,"column":68}},"278":{"start":{"line":697,"column":4},"end":{"line":697,"column":34}},"279":{"start":{"line":699,"column":4},"end":{"line":699,"column":73}},"280":{"start":{"line":704,"column":0},"end":{"line":771,"column":3}},"281":{"start":{"line":705,"column":2},"end":{"line":770,"column":3}},"282":{"start":{"line":707,"column":18},"end":{"line":710,"column":59}},"283":{"start":{"line":713,"column":23},"end":{"line":713,"column":51}},"284":{"start":{"line":714,"column":18},"end":{"line":714,"column":56}},"285":{"start":{"line":715,"column":24},"end":{"line":715,"column":28}},"286":{"start":{"line":717,"column":4},"end":{"line":724,"column":5}},"287":{"start":{"line":718,"column":6},"end":{"line":723,"column":7}},"288":{"start":{"line":719,"column":24},"end":{"line":719,"column":65}},"289":{"start":{"line":720,"column":8},"end":{"line":720,"column":35}},"290":{"start":{"line":728,"column":27},"end":{"line":728,"column":32}},"291":{"start":{"line":729,"column":4},"end":{"line":750,"column":5}},"292":{"start":{"line":730,"column":32},"end":{"line":732,"column":7}},"293":{"start":{"line":731,"column":8},"end":{"line":731,"column":56}},"294":{"start":{"line":734,"column":6},"end":{"line":749,"column":7}},"295":{"start":{"line":735,"column":28},"end":{"line":736,"column":63}},"296":{"start":{"line":738,"column":8},"end":{"line":748,"column":9}},"297":{"start":{"line":740,"column":23},"end":{"line":740,"column":93}},"298":{"start":{"line":743,"column":10},"end":{"line":746,"column":13}},"299":{"start":{"line":747,"column":10},"end":{"line":747,"column":34}},"300":{"start":{"line":753,"column":26},"end":{"line":761,"column":6}},"301":{"start":{"line":754,"column":19},"end":{"line":754,"column":28}},"302":{"start":{"line":755,"column":6},"end":{"line":760,"column":7}},"303":{"start":{"line":763,"column":4},"end":{"line":763,"column":28}},"304":{"start":{"line":765,"column":4},"end":{"line":765,"column":45}},"305":{"start":{"line":766,"column":4},"end":{"line":769,"column":7}},"306":{"start":{"line":774,"column":0},"end":{"line":797,"column":3}},"307":{"start":{"line":775,"column":2},"end":{"line":796,"column":3}},"308":{"start":{"line":776,"column":17},"end":{"line":776,"column":49}},"309":{"start":{"line":777,"column":4},"end":{"line":780,"column":7}},"310":{"start":{"line":777,"column":15},"end":{"line":780,"column":7}},"311":{"start":{"line":782,"column":17},"end":{"line":782,"column":80}},"312":{"start":{"line":783,"column":27},"end":{"line":783,"column":90}},"313":{"start":{"line":785,"column":4},"end":{"line":789,"column":7}},"314":{"start":{"line":791,"column":4},"end":{"line":791,"column":43}},"315":{"start":{"line":792,"column":4},"end":{"line":795,"column":7}},"316":{"start":{"line":799,"column":0},"end":{"line":807,"column":3}},"317":{"start":{"line":800,"column":2},"end":{"line":806,"column":3}},"318":{"start":{"line":801,"column":17},"end":{"line":802,"column":81}},"319":{"start":{"line":803,"column":4},"end":{"line":803,"column":42}},"320":{"start":{"line":805,"column":4},"end":{"line":805,"column":51}},"321":{"start":{"line":809,"column":0},"end":{"line":817,"column":3}},"322":{"start":{"line":810,"column":15},"end":{"line":814,"column":4}},"323":{"start":{"line":815,"column":2},"end":{"line":815,"column":20}},"324":{"start":{"line":816,"column":2},"end":{"line":816,"column":30}},"325":{"start":{"line":819,"column":23},"end":{"line":825,"column":1}},"326":{"start":{"line":820,"column":2},"end":{"line":824,"column":4}},"327":{"start":{"line":827,"column":20},"end":{"line":834,"column":1}},"328":{"start":{"line":828,"column":2},"end":{"line":833,"column":4}},"329":{"start":{"line":836,"column":0},"end":{"line":878,"column":3}},"330":{"start":{"line":837,"column":17},"end":{"line":837,"column":38}},"331":{"start":{"line":838,"column":2},"end":{"line":846,"column":3}},"332":{"start":{"line":839,"column":4},"end":{"line":845,"column":6}},"333":{"start":{"line":848,"column":2},"end":{"line":877,"column":3}},"334":{"start":{"line":849,"column":17},"end":{"line":852,"column":25}},"335":{"start":{"line":850,"column":18},"end":{"line":850,"column":42}},"336":{"start":{"line":851,"column":35},"end":{"line":851,"column":68}},"337":{"start":{"line":854,"column":23},"end":{"line":859,"column":6}},"338":{"start":{"line":861,"column":28},"end":{"line":861,"column":51}},"339":{"start":{"line":862,"column":32},"end":{"line":863,"column":66}},"340":{"start":{"line":865,"column":4},"end":{"line":867,"column":6}},"341":{"start":{"line":869,"column":4},"end":{"line":869,"column":53}},"342":{"start":{"line":870,"column":4},"end":{"line":876,"column":6}},"343":{"start":{"line":879,"column":0},"end":{"line":962,"column":3}},"344":{"start":{"line":880,"column":2},"end":{"line":961,"column":3}},"345":{"start":{"line":882,"column":17},"end":{"line":882,"column":46}},"346":{"start":{"line":883,"column":18},"end":{"line":886,"column":5}},"347":{"start":{"line":887,"column":17},"end":{"line":887,"column":47}},"348":{"start":{"line":888,"column":19},"end":{"line":888,"column":41}},"349":{"start":{"line":889,"column":16},"end":{"line":889,"column":35}},"350":{"start":{"line":890,"column":19},"end":{"line":890,"column":41}},"351":{"start":{"line":893,"column":18},"end":{"line":893,"column":20}},"352":{"start":{"line":895,"column":4},"end":{"line":900,"column":5}},"353":{"start":{"line":896,"column":6},"end":{"line":899,"column":8}},"354":{"start":{"line":902,"column":4},"end":{"line":904,"column":5}},"355":{"start":{"line":903,"column":6},"end":{"line":903,"column":48}},"356":{"start":{"line":906,"column":4},"end":{"line":923,"column":5}},"357":{"start":{"line":907,"column":6},"end":{"line":922,"column":7}},"358":{"start":{"line":908,"column":8},"end":{"line":908,"column":30}},"359":{"start":{"line":911,"column":21},"end":{"line":911,"column":61}},"360":{"start":{"line":912,"column":8},"end":{"line":921,"column":9}},"361":{"start":{"line":913,"column":10},"end":{"line":913,"column":34}},"362":{"start":{"line":915,"column":10},"end":{"line":920,"column":14}},"363":{"start":{"line":926,"column":33},"end":{"line":939,"column":6}},"364":{"start":{"line":942,"column":23},"end":{"line":942,"column":47}},"365":{"start":{"line":944,"column":4},"end":{"line":951,"column":6}},"366":{"start":{"line":953,"column":4},"end":{"line":953,"column":51}},"367":{"start":{"line":954,"column":4},"end":{"line":960,"column":6}},"368":{"start":{"line":963,"column":0},"end":{"line":1002,"column":3}},"369":{"start":{"line":964,"column":2},"end":{"line":1001,"column":3}},"370":{"start":{"line":965,"column":23},"end":{"line":983,"column":8}},"371":{"start":{"line":985,"column":4},"end":{"line":989,"column":5}},"372":{"start":{"line":986,"column":6},"end":{"line":988,"column":8}},"373":{"start":{"line":991,"column":4},"end":{"line":991,"column":41}},"374":{"start":{"line":993,"column":4},"end":{"line":993,"column":50}},"375":{"start":{"line":994,"column":4},"end":{"line":1000,"column":6}},"376":{"start":{"line":1004,"column":0},"end":{"line":1034,"column":3}},"377":{"start":{"line":1005,"column":2},"end":{"line":1033,"column":3}},"378":{"start":{"line":1006,"column":17},"end":{"line":1014,"column":6}},"379":{"start":{"line":1016,"column":4},"end":{"line":1023,"column":6}},"380":{"start":{"line":1018,"column":25},"end":{"line":1021,"column":9}},"381":{"start":{"line":1025,"column":4},"end":{"line":1025,"column":46}},"382":{"start":{"line":1026,"column":4},"end":{"line":1032,"column":6}},"383":{"start":{"line":1035,"column":19},"end":{"line":1112,"column":1}},"384":{"start":{"line":1036,"column":17},"end":{"line":1036,"column":38}},"385":{"start":{"line":1037,"column":2},"end":{"line":1045,"column":3}},"386":{"start":{"line":1038,"column":4},"end":{"line":1044,"column":6}},"387":{"start":{"line":1047,"column":2},"end":{"line":1111,"column":3}},"388":{"start":{"line":1048,"column":17},"end":{"line":1048,"column":52}},"389":{"start":{"line":1050,"column":4},"end":{"line":1057,"column":5}},"390":{"start":{"line":1051,"column":6},"end":{"line":1056,"column":8}},"391":{"start":{"line":1059,"column":19},"end":{"line":1059,"column":30}},"392":{"start":{"line":1060,"column":17},"end":{"line":1060,"column":19}},"393":{"start":{"line":1062,"column":4},"end":{"line":1087,"column":5}},"394":{"start":{"line":1063,"column":6},"end":{"line":1070,"column":7}},"395":{"start":{"line":1064,"column":8},"end":{"line":1064,"column":48}},"396":{"start":{"line":1066,"column":8},"end":{"line":1069,"column":10}},"397":{"start":{"line":1071,"column":11},"end":{"line":1087,"column":5}},"398":{"start":{"line":1072,"column":6},"end":{"line":1079,"column":7}},"399":{"start":{"line":1073,"column":8},"end":{"line":1073,"column":50}},"400":{"start":{"line":1075,"column":8},"end":{"line":1078,"column":10}},"401":{"start":{"line":1080,"column":11},"end":{"line":1087,"column":5}},"402":{"start":{"line":1081,"column":6},"end":{"line":1086,"column":8}},"403":{"start":{"line":1089,"column":24},"end":{"line":1093,"column":5}},"404":{"start":{"line":1095,"column":4},"end":{"line":1101,"column":6}},"405":{"start":{"line":1103,"column":4},"end":{"line":1103,"column":38}},"406":{"start":{"line":1104,"column":4},"end":{"line":1110,"column":6}},"407":{"start":{"line":1113,"column":0},"end":{"line":1194,"column":2}},"408":{"start":{"line":1119,"column":19},"end":{"line":1119,"column":40}},"409":{"start":{"line":1120,"column":4},"end":{"line":1127,"column":5}},"410":{"start":{"line":1121,"column":6},"end":{"line":1126,"column":9}},"411":{"start":{"line":1129,"column":4},"end":{"line":1192,"column":5}},"412":{"start":{"line":1131,"column":25},"end":{"line":1131,"column":65}},"413":{"start":{"line":1132,"column":6},"end":{"line":1138,"column":7}},"414":{"start":{"line":1133,"column":8},"end":{"line":1137,"column":11}},"415":{"start":{"line":1141,"column":6},"end":{"line":1150,"column":7}},"416":{"start":{"line":1142,"column":30},"end":{"line":1142,"column":76}},"417":{"start":{"line":1143,"column":8},"end":{"line":1149,"column":9}},"418":{"start":{"line":1144,"column":10},"end":{"line":1148,"column":13}},"419":{"start":{"line":1153,"column":22},"end":{"line":1158,"column":8}},"420":{"start":{"line":1160,"column":27},"end":{"line":1160,"column":47}},"421":{"start":{"line":1163,"column":6},"end":{"line":1167,"column":8}},"422":{"start":{"line":1170,"column":31},"end":{"line":1178,"column":10}},"423":{"start":{"line":1180,"column":6},"end":{"line":1183,"column":9}},"424":{"start":{"line":1185,"column":6},"end":{"line":1185,"column":50}},"425":{"start":{"line":1186,"column":6},"end":{"line":1191,"column":9}},"426":{"start":{"line":1195,"column":0},"end":{"line":1196,"column":56}},"427":{"start":{"line":1196,"column":22},"end":{"line":1196,"column":54}},"428":{"start":{"line":1198,"column":0},"end":{"line":1199,"column":53}},"429":{"start":{"line":1199,"column":22},"end":{"line":1199,"column":51}},"430":{"start":{"line":1201,"column":2},"end":{"line":1282,"column":4}},"431":{"start":{"line":1207,"column":21},"end":{"line":1207,"column":42}},"432":{"start":{"line":1208,"column":6},"end":{"line":1215,"column":7}},"433":{"start":{"line":1209,"column":8},"end":{"line":1214,"column":11}},"434":{"start":{"line":1217,"column":6},"end":{"line":1280,"column":7}},"435":{"start":{"line":1218,"column":27},"end":{"line":1218,"column":67}},"436":{"start":{"line":1219,"column":24},"end":{"line":1219,"column":66}},"437":{"start":{"line":1221,"column":8},"end":{"line":1227,"column":9}},"438":{"start":{"line":1222,"column":10},"end":{"line":1226,"column":13}},"439":{"start":{"line":1229,"column":8},"end":{"line":1235,"column":9}},"440":{"start":{"line":1230,"column":10},"end":{"line":1234,"column":13}},"441":{"start":{"line":1238,"column":8},"end":{"line":1244,"column":9}},"442":{"start":{"line":1239,"column":10},"end":{"line":1243,"column":13}},"443":{"start":{"line":1247,"column":8},"end":{"line":1253,"column":9}},"444":{"start":{"line":1248,"column":10},"end":{"line":1252,"column":13}},"445":{"start":{"line":1256,"column":8},"end":{"line":1259,"column":10}},"446":{"start":{"line":1262,"column":31},"end":{"line":1266,"column":59}},"447":{"start":{"line":1268,"column":8},"end":{"line":1271,"column":11}},"448":{"start":{"line":1273,"column":8},"end":{"line":1273,"column":51}},"449":{"start":{"line":1274,"column":8},"end":{"line":1279,"column":11}},"450":{"start":{"line":1283,"column":0},"end":{"line":1283,"column":24}}},"fnMap":{"0":{"name":"generateAIHint","decl":{"start":{"line":47,"column":15},"end":{"line":47,"column":29}},"loc":{"start":{"line":47,"column":41},"end":{"line":79,"column":1}},"line":47},"1":{"name":"buildHelpMessage","decl":{"start":{"line":80,"column":9},"end":{"line":80,"column":25}},"loc":{"start":{"line":80,"column":32},"end":{"line":88,"column":1}},"line":80},"2":{"name":"getGeneralCTFTips","decl":{"start":{"line":90,"column":9},"end":{"line":90,"column":26}},"loc":{"start":{"line":90,"column":29},"end":{"line":100,"column":1}},"line":90},"3":{"name":"(anonymous_3)","decl":{"start":{"line":99,"column":40},"end":{"line":99,"column":41}},"loc":{"start":{"line":99,"column":45},"end":{"line":99,"column":53}},"line":99},"4":{"name":"getCTFStrategyAdvice","decl":{"start":{"line":102,"column":9},"end":{"line":102,"column":29}},"loc":{"start":{"line":102,"column":32},"end":{"line":112,"column":1}},"line":102},"5":{"name":"(anonymous_5)","decl":{"start":{"line":111,"column":49},"end":{"line":111,"column":50}},"loc":{"start":{"line":111,"column":54},"end":{"line":111,"column":62}},"line":111},"6":{"name":"(anonymous_6)","decl":{"start":{"line":119,"column":3},"end":{"line":119,"column":4}},"loc":{"start":{"line":119,"column":23},"end":{"line":156,"column":1}},"line":119},"7":{"name":"(anonymous_7)","decl":{"start":{"line":161,"column":3},"end":{"line":161,"column":4}},"loc":{"start":{"line":161,"column":23},"end":{"line":189,"column":1}},"line":161},"8":{"name":"(anonymous_8)","decl":{"start":{"line":191,"column":27},"end":{"line":191,"column":28}},"loc":{"start":{"line":191,"column":41},"end":{"line":193,"column":1}},"line":191},"9":{"name":"(anonymous_9)","decl":{"start":{"line":198,"column":3},"end":{"line":198,"column":4}},"loc":{"start":{"line":198,"column":23},"end":{"line":214,"column":1}},"line":198},"10":{"name":"(anonymous_10)","decl":{"start":{"line":199,"column":20},"end":{"line":199,"column":21}},"loc":{"start":{"line":199,"column":31},"end":{"line":199,"column":55}},"line":199},"11":{"name":"(anonymous_11)","decl":{"start":{"line":219,"column":3},"end":{"line":219,"column":4}},"loc":{"start":{"line":219,"column":23},"end":{"line":234,"column":1}},"line":219},"12":{"name":"(anonymous_12)","decl":{"start":{"line":240,"column":2},"end":{"line":240,"column":3}},"loc":{"start":{"line":240,"column":22},"end":{"line":270,"column":3}},"line":240},"13":{"name":"(anonymous_13)","decl":{"start":{"line":273,"column":53},"end":{"line":273,"column":54}},"loc":{"start":{"line":273,"column":73},"end":{"line":291,"column":1}},"line":273},"14":{"name":"(anonymous_14)","decl":{"start":{"line":293,"column":46},"end":{"line":293,"column":47}},"loc":{"start":{"line":293,"column":66},"end":{"line":306,"column":1}},"line":293},"15":{"name":"(anonymous_15)","decl":{"start":{"line":315,"column":3},"end":{"line":315,"column":4}},"loc":{"start":{"line":315,"column":23},"end":{"line":335,"column":1}},"line":315},"16":{"name":"(anonymous_16)","decl":{"start":{"line":340,"column":3},"end":{"line":340,"column":4}},"loc":{"start":{"line":340,"column":23},"end":{"line":356,"column":1}},"line":340},"17":{"name":"(anonymous_17)","decl":{"start":{"line":365,"column":3},"end":{"line":365,"column":4}},"loc":{"start":{"line":365,"column":23},"end":{"line":388,"column":1}},"line":365},"18":{"name":"(anonymous_18)","decl":{"start":{"line":389,"column":30},"end":{"line":389,"column":31}},"loc":{"start":{"line":389,"column":50},"end":{"line":398,"column":1}},"line":389},"19":{"name":"(anonymous_19)","decl":{"start":{"line":400,"column":48},"end":{"line":400,"column":49}},"loc":{"start":{"line":400,"column":68},"end":{"line":412,"column":1}},"line":400},"20":{"name":"(anonymous_20)","decl":{"start":{"line":419,"column":2},"end":{"line":419,"column":3}},"loc":{"start":{"line":419,"column":22},"end":{"line":470,"column":3}},"line":419},"21":{"name":"(anonymous_21)","decl":{"start":{"line":473,"column":59},"end":{"line":473,"column":60}},"loc":{"start":{"line":473,"column":79},"end":{"line":489,"column":1}},"line":473},"22":{"name":"(anonymous_22)","decl":{"start":{"line":479,"column":38},"end":{"line":479,"column":39}},"loc":{"start":{"line":479,"column":47},"end":{"line":483,"column":5}},"line":479},"23":{"name":"(anonymous_23)","decl":{"start":{"line":491,"column":63},"end":{"line":491,"column":64}},"loc":{"start":{"line":491,"column":83},"end":{"line":526,"column":1}},"line":491},"24":{"name":"(anonymous_24)","decl":{"start":{"line":500,"column":38},"end":{"line":500,"column":39}},"loc":{"start":{"line":501,"column":6},"end":{"line":501,"column":65}},"line":501},"25":{"name":"(anonymous_25)","decl":{"start":{"line":529,"column":57},"end":{"line":529,"column":58}},"loc":{"start":{"line":529,"column":77},"end":{"line":661,"column":1}},"line":529},"26":{"name":"(anonymous_26)","decl":{"start":{"line":581,"column":18},"end":{"line":581,"column":19}},"loc":{"start":{"line":581,"column":23},"end":{"line":581,"column":44}},"line":581},"27":{"name":"(anonymous_27)","decl":{"start":{"line":582,"column":16},"end":{"line":582,"column":17}},"loc":{"start":{"line":582,"column":26},"end":{"line":582,"column":41}},"line":582},"28":{"name":"(anonymous_28)","decl":{"start":{"line":586,"column":75},"end":{"line":586,"column":76}},"loc":{"start":{"line":586,"column":80},"end":{"line":586,"column":86}},"line":586},"29":{"name":"(anonymous_29)","decl":{"start":{"line":664,"column":48},"end":{"line":664,"column":49}},"loc":{"start":{"line":664,"column":68},"end":{"line":672,"column":1}},"line":664},"30":{"name":"(anonymous_30)","decl":{"start":{"line":674,"column":49},"end":{"line":674,"column":50}},"loc":{"start":{"line":674,"column":69},"end":{"line":687,"column":1}},"line":674},"31":{"name":"(anonymous_31)","decl":{"start":{"line":689,"column":64},"end":{"line":689,"column":65}},"loc":{"start":{"line":689,"column":84},"end":{"line":701,"column":1}},"line":689},"32":{"name":"(anonymous_32)","decl":{"start":{"line":704,"column":31},"end":{"line":704,"column":32}},"loc":{"start":{"line":704,"column":51},"end":{"line":771,"column":1}},"line":704},"33":{"name":"(anonymous_33)","decl":{"start":{"line":730,"column":43},"end":{"line":730,"column":44}},"loc":{"start":{"line":731,"column":8},"end":{"line":731,"column":56}},"line":731},"34":{"name":"(anonymous_34)","decl":{"start":{"line":753,"column":36},"end":{"line":753,"column":37}},"loc":{"start":{"line":753,"column":53},"end":{"line":761,"column":5}},"line":753},"35":{"name":"(anonymous_35)","decl":{"start":{"line":774,"column":48},"end":{"line":774,"column":49}},"loc":{"start":{"line":774,"column":68},"end":{"line":797,"column":1}},"line":774},"36":{"name":"(anonymous_36)","decl":{"start":{"line":799,"column":61},"end":{"line":799,"column":62}},"loc":{"start":{"line":799,"column":81},"end":{"line":807,"column":1}},"line":799},"37":{"name":"(anonymous_37)","decl":{"start":{"line":809,"column":34},"end":{"line":809,"column":35}},"loc":{"start":{"line":809,"column":54},"end":{"line":817,"column":1}},"line":809},"38":{"name":"(anonymous_38)","decl":{"start":{"line":819,"column":23},"end":{"line":819,"column":24}},"loc":{"start":{"line":819,"column":52},"end":{"line":825,"column":1}},"line":819},"39":{"name":"(anonymous_39)","decl":{"start":{"line":827,"column":20},"end":{"line":827,"column":21}},"loc":{"start":{"line":827,"column":56},"end":{"line":834,"column":1}},"line":827},"40":{"name":"(anonymous_40)","decl":{"start":{"line":836,"column":71},"end":{"line":836,"column":72}},"loc":{"start":{"line":836,"column":91},"end":{"line":878,"column":1}},"line":836},"41":{"name":"(anonymous_41)","decl":{"start":{"line":850,"column":11},"end":{"line":850,"column":12}},"loc":{"start":{"line":850,"column":18},"end":{"line":850,"column":42}},"line":850},"42":{"name":"(anonymous_42)","decl":{"start":{"line":851,"column":14},"end":{"line":851,"column":15}},"loc":{"start":{"line":851,"column":35},"end":{"line":851,"column":68}},"line":851},"43":{"name":"(anonymous_43)","decl":{"start":{"line":879,"column":31},"end":{"line":879,"column":32}},"loc":{"start":{"line":879,"column":51},"end":{"line":962,"column":1}},"line":879},"44":{"name":"(anonymous_44)","decl":{"start":{"line":963,"column":57},"end":{"line":963,"column":58}},"loc":{"start":{"line":963,"column":77},"end":{"line":1002,"column":1}},"line":963},"45":{"name":"(anonymous_45)","decl":{"start":{"line":1004,"column":44},"end":{"line":1004,"column":45}},"loc":{"start":{"line":1004,"column":64},"end":{"line":1034,"column":1}},"line":1004},"46":{"name":"(anonymous_46)","decl":{"start":{"line":1018,"column":17},"end":{"line":1018,"column":18}},"loc":{"start":{"line":1018,"column":25},"end":{"line":1021,"column":9}},"line":1018},"47":{"name":"(anonymous_47)","decl":{"start":{"line":1035,"column":19},"end":{"line":1035,"column":20}},"loc":{"start":{"line":1035,"column":46},"end":{"line":1112,"column":1}},"line":1035},"48":{"name":"(anonymous_48)","decl":{"start":{"line":1118,"column":2},"end":{"line":1118,"column":3}},"loc":{"start":{"line":1118,"column":22},"end":{"line":1193,"column":3}},"line":1118},"49":{"name":"(anonymous_49)","decl":{"start":{"line":1196,"column":2},"end":{"line":1196,"column":3}},"loc":{"start":{"line":1196,"column":22},"end":{"line":1196,"column":54}},"line":1196},"50":{"name":"(anonymous_50)","decl":{"start":{"line":1199,"column":2},"end":{"line":1199,"column":3}},"loc":{"start":{"line":1199,"column":22},"end":{"line":1199,"column":51}},"line":1199},"51":{"name":"(anonymous_51)","decl":{"start":{"line":1206,"column":4},"end":{"line":1206,"column":5}},"loc":{"start":{"line":1206,"column":24},"end":{"line":1281,"column":5}},"line":1206}},"branchMap":{"0":{"loc":{"start":{"line":76,"column":11},"end":{"line":77,"column":66}},"type":"binary-expr","locations":[{"start":{"line":76,"column":11},"end":{"line":76,"column":44}},{"start":{"line":77,"column":11},"end":{"line":77,"column":66}}],"line":76},"1":{"loc":{"start":{"line":121,"column":2},"end":{"line":121,"column":81}},"type":"if","locations":[{"start":{"line":121,"column":2},"end":{"line":121,"column":81}},{"start":{},"end":{}}],"line":121},"2":{"loc":{"start":{"line":131,"column":4},"end":{"line":139,"column":5}},"type":"if","locations":[{"start":{"line":131,"column":4},"end":{"line":139,"column":5}},{"start":{},"end":{}}],"line":131},"3":{"loc":{"start":{"line":133,"column":6},"end":{"line":133,"column":73}},"type":"if","locations":[{"start":{"line":133,"column":6},"end":{"line":133,"column":73}},{"start":{},"end":{}}],"line":133},"4":{"loc":{"start":{"line":134,"column":6},"end":{"line":134,"column":64}},"type":"if","locations":[{"start":{"line":134,"column":6},"end":{"line":134,"column":64}},{"start":{},"end":{}}],"line":134},"5":{"loc":{"start":{"line":141,"column":4},"end":{"line":143,"column":5}},"type":"if","locations":[{"start":{"line":141,"column":4},"end":{"line":143,"column":5}},{"start":{},"end":{}}],"line":141},"6":{"loc":{"start":{"line":163,"column":2},"end":{"line":163,"column":81}},"type":"if","locations":[{"start":{"line":163,"column":2},"end":{"line":163,"column":81}},{"start":{},"end":{}}],"line":163},"7":{"loc":{"start":{"line":169,"column":4},"end":{"line":171,"column":5}},"type":"if","locations":[{"start":{"line":169,"column":4},"end":{"line":171,"column":5}},{"start":{},"end":{}}],"line":169},"8":{"loc":{"start":{"line":169,"column":8},"end":{"line":169,"column":65}},"type":"binary-expr","locations":[{"start":{"line":169,"column":8},"end":{"line":169,"column":13}},{"start":{"line":169,"column":17},"end":{"line":169,"column":65}}],"line":169},"9":{"loc":{"start":{"line":201,"column":2},"end":{"line":201,"column":81}},"type":"if","locations":[{"start":{"line":201,"column":2},"end":{"line":201,"column":81}},{"start":{},"end":{}}],"line":201},"10":{"loc":{"start":{"line":205,"column":4},"end":{"line":205,"column":74}},"type":"if","locations":[{"start":{"line":205,"column":4},"end":{"line":205,"column":74}},{"start":{},"end":{}}],"line":205},"11":{"loc":{"start":{"line":221,"column":2},"end":{"line":221,"column":81}},"type":"if","locations":[{"start":{"line":221,"column":2},"end":{"line":221,"column":81}},{"start":{},"end":{}}],"line":221},"12":{"loc":{"start":{"line":226,"column":4},"end":{"line":226,"column":73}},"type":"if","locations":[{"start":{"line":226,"column":4},"end":{"line":226,"column":73}},{"start":{},"end":{}}],"line":226},"13":{"loc":{"start":{"line":242,"column":6},"end":{"line":244,"column":7}},"type":"if","locations":[{"start":{"line":242,"column":6},"end":{"line":244,"column":7}},{"start":{},"end":{}}],"line":242},"14":{"loc":{"start":{"line":277,"column":4},"end":{"line":282,"column":5}},"type":"if","locations":[{"start":{"line":277,"column":4},"end":{"line":282,"column":5}},{"start":{},"end":{}}],"line":277},"15":{"loc":{"start":{"line":279,"column":6},"end":{"line":281,"column":7}},"type":"if","locations":[{"start":{"line":279,"column":6},"end":{"line":281,"column":7}},{"start":{},"end":{}}],"line":279},"16":{"loc":{"start":{"line":299,"column":4},"end":{"line":299,"column":74}},"type":"if","locations":[{"start":{"line":299,"column":4},"end":{"line":299,"column":74}},{"start":{},"end":{}}],"line":299},"17":{"loc":{"start":{"line":317,"column":2},"end":{"line":317,"column":81}},"type":"if","locations":[{"start":{"line":317,"column":2},"end":{"line":317,"column":81}},{"start":{},"end":{}}],"line":317},"18":{"loc":{"start":{"line":321,"column":4},"end":{"line":323,"column":5}},"type":"if","locations":[{"start":{"line":321,"column":4},"end":{"line":323,"column":5}},{"start":{},"end":{}}],"line":321},"19":{"loc":{"start":{"line":321,"column":8},"end":{"line":321,"column":73}},"type":"binary-expr","locations":[{"start":{"line":321,"column":8},"end":{"line":321,"column":13}},{"start":{"line":321,"column":17},"end":{"line":321,"column":73}}],"line":321},"20":{"loc":{"start":{"line":327,"column":27},"end":{"line":327,"column":45}},"type":"binary-expr","locations":[{"start":{"line":327,"column":27},"end":{"line":327,"column":32}},{"start":{"line":327,"column":36},"end":{"line":327,"column":45}}],"line":327},"21":{"loc":{"start":{"line":342,"column":2},"end":{"line":342,"column":81}},"type":"if","locations":[{"start":{"line":342,"column":2},"end":{"line":342,"column":81}},{"start":{},"end":{}}],"line":342},"22":{"loc":{"start":{"line":346,"column":4},"end":{"line":348,"column":5}},"type":"if","locations":[{"start":{"line":346,"column":4},"end":{"line":348,"column":5}},{"start":{},"end":{}}],"line":346},"23":{"loc":{"start":{"line":367,"column":2},"end":{"line":367,"column":81}},"type":"if","locations":[{"start":{"line":367,"column":2},"end":{"line":367,"column":81}},{"start":{},"end":{}}],"line":367},"24":{"loc":{"start":{"line":402,"column":4},"end":{"line":404,"column":5}},"type":"if","locations":[{"start":{"line":402,"column":4},"end":{"line":404,"column":5}},{"start":{},"end":{}}],"line":402},"25":{"loc":{"start":{"line":425,"column":6},"end":{"line":430,"column":7}},"type":"if","locations":[{"start":{"line":425,"column":6},"end":{"line":430,"column":7}},{"start":{},"end":{}}],"line":425},"26":{"loc":{"start":{"line":433,"column":6},"end":{"line":438,"column":7}},"type":"if","locations":[{"start":{"line":433,"column":6},"end":{"line":438,"column":7}},{"start":{},"end":{}}],"line":433},"27":{"loc":{"start":{"line":441,"column":6},"end":{"line":447,"column":7}},"type":"if","locations":[{"start":{"line":441,"column":6},"end":{"line":447,"column":7}},{"start":{},"end":{}}],"line":441},"28":{"loc":{"start":{"line":476,"column":4},"end":{"line":476,"column":84}},"type":"if","locations":[{"start":{"line":476,"column":4},"end":{"line":476,"column":84}},{"start":{},"end":{}}],"line":476},"29":{"loc":{"start":{"line":496,"column":4},"end":{"line":498,"column":5}},"type":"if","locations":[{"start":{"line":496,"column":4},"end":{"line":498,"column":5}},{"start":{},"end":{}}],"line":496},"30":{"loc":{"start":{"line":496,"column":8},"end":{"line":496,"column":27}},"type":"binary-expr","locations":[{"start":{"line":496,"column":8},"end":{"line":496,"column":18}},{"start":{"line":496,"column":22},"end":{"line":496,"column":27}}],"line":496},"31":{"loc":{"start":{"line":501,"column":6},"end":{"line":501,"column":65}},"type":"binary-expr","locations":[{"start":{"line":501,"column":6},"end":{"line":501,"column":35}},{"start":{"line":501,"column":39},"end":{"line":501,"column":65}}],"line":501},"32":{"loc":{"start":{"line":504,"column":4},"end":{"line":506,"column":5}},"type":"if","locations":[{"start":{"line":504,"column":4},"end":{"line":506,"column":5}},{"start":{},"end":{}}],"line":504},"33":{"loc":{"start":{"line":508,"column":4},"end":{"line":512,"column":5}},"type":"if","locations":[{"start":{"line":508,"column":4},"end":{"line":512,"column":5}},{"start":{},"end":{}}],"line":508},"34":{"loc":{"start":{"line":537,"column":4},"end":{"line":543,"column":5}},"type":"if","locations":[{"start":{"line":537,"column":4},"end":{"line":543,"column":5}},{"start":{},"end":{}}],"line":537},"35":{"loc":{"start":{"line":547,"column":26},"end":{"line":547,"column":74}},"type":"binary-expr","locations":[{"start":{"line":547,"column":26},"end":{"line":547,"column":45}},{"start":{"line":547,"column":49},"end":{"line":547,"column":74}}],"line":547},"36":{"loc":{"start":{"line":548,"column":26},"end":{"line":548,"column":96}},"type":"binary-expr","locations":[{"start":{"line":548,"column":26},"end":{"line":548,"column":45}},{"start":{"line":548,"column":49},"end":{"line":548,"column":67}},{"start":{"line":548,"column":71},"end":{"line":548,"column":96}}],"line":548},"37":{"loc":{"start":{"line":549,"column":28},"end":{"line":549,"column":80}},"type":"binary-expr","locations":[{"start":{"line":549,"column":28},"end":{"line":549,"column":49}},{"start":{"line":549,"column":53},"end":{"line":549,"column":80}}],"line":549},"38":{"loc":{"start":{"line":550,"column":26},"end":{"line":550,"column":74}},"type":"binary-expr","locations":[{"start":{"line":550,"column":26},"end":{"line":550,"column":45}},{"start":{"line":550,"column":49},"end":{"line":550,"column":74}}],"line":550},"39":{"loc":{"start":{"line":553,"column":4},"end":{"line":621,"column":5}},"type":"if","locations":[{"start":{"line":553,"column":4},"end":{"line":621,"column":5}},{"start":{},"end":{}}],"line":553},"40":{"loc":{"start":{"line":554,"column":6},"end":{"line":560,"column":7}},"type":"if","locations":[{"start":{"line":554,"column":6},"end":{"line":560,"column":7}},{"start":{},"end":{}}],"line":554},"41":{"loc":{"start":{"line":563,"column":6},"end":{"line":568,"column":7}},"type":"if","locations":[{"start":{"line":563,"column":6},"end":{"line":568,"column":7}},{"start":{},"end":{}}],"line":563},"42":{"loc":{"start":{"line":571,"column":6},"end":{"line":576,"column":7}},"type":"if","locations":[{"start":{"line":571,"column":6},"end":{"line":576,"column":7}},{"start":{},"end":{}}],"line":571},"43":{"loc":{"start":{"line":579,"column":6},"end":{"line":601,"column":7}},"type":"if","locations":[{"start":{"line":579,"column":6},"end":{"line":601,"column":7}},{"start":{},"end":{}}],"line":579},"44":{"loc":{"start":{"line":584,"column":8},"end":{"line":589,"column":9}},"type":"if","locations":[{"start":{"line":584,"column":8},"end":{"line":589,"column":9}},{"start":{},"end":{}}],"line":584},"45":{"loc":{"start":{"line":604,"column":23},"end":{"line":604,"column":47}},"type":"binary-expr","locations":[{"start":{"line":604,"column":23},"end":{"line":604,"column":41}},{"start":{"line":604,"column":45},"end":{"line":604,"column":47}}],"line":604},"46":{"loc":{"start":{"line":605,"column":6},"end":{"line":610,"column":7}},"type":"if","locations":[{"start":{"line":605,"column":6},"end":{"line":610,"column":7}},{"start":{},"end":{}}],"line":605},"47":{"loc":{"start":{"line":624,"column":4},"end":{"line":635,"column":5}},"type":"if","locations":[{"start":{"line":624,"column":4},"end":{"line":635,"column":5}},{"start":{},"end":{}}],"line":624},"48":{"loc":{"start":{"line":624,"column":8},"end":{"line":624,"column":40}},"type":"binary-expr","locations":[{"start":{"line":624,"column":8},"end":{"line":624,"column":21}},{"start":{"line":624,"column":25},"end":{"line":624,"column":40}}],"line":624},"49":{"loc":{"start":{"line":625,"column":25},"end":{"line":625,"column":57}},"type":"cond-expr","locations":[{"start":{"line":625,"column":41},"end":{"line":625,"column":46}},{"start":{"line":625,"column":49},"end":{"line":625,"column":57}}],"line":625},"50":{"loc":{"start":{"line":626,"column":23},"end":{"line":628,"column":32}},"type":"cond-expr","locations":[{"start":{"line":627,"column":10},"end":{"line":627,"column":29}},{"start":{"line":628,"column":10},"end":{"line":628,"column":32}}],"line":626},"51":{"loc":{"start":{"line":638,"column":4},"end":{"line":644,"column":5}},"type":"if","locations":[{"start":{"line":638,"column":4},"end":{"line":644,"column":5}},{"start":{},"end":{}}],"line":638},"52":{"loc":{"start":{"line":658,"column":13},"end":{"line":658,"column":77}},"type":"cond-expr","locations":[{"start":{"line":658,"column":54},"end":{"line":658,"column":65}},{"start":{"line":658,"column":68},"end":{"line":658,"column":77}}],"line":658},"53":{"loc":{"start":{"line":668,"column":13},"end":{"line":668,"column":38}},"type":"binary-expr","locations":[{"start":{"line":668,"column":13},"end":{"line":668,"column":32}},{"start":{"line":668,"column":36},"end":{"line":668,"column":38}}],"line":668},"54":{"loc":{"start":{"line":714,"column":18},"end":{"line":714,"column":56}},"type":"binary-expr","locations":[{"start":{"line":714,"column":18},"end":{"line":714,"column":28}},{"start":{"line":714,"column":32},"end":{"line":714,"column":56}}],"line":714},"55":{"loc":{"start":{"line":717,"column":4},"end":{"line":724,"column":5}},"type":"if","locations":[{"start":{"line":717,"column":4},"end":{"line":724,"column":5}},{"start":{},"end":{}}],"line":717},"56":{"loc":{"start":{"line":729,"column":4},"end":{"line":750,"column":5}},"type":"if","locations":[{"start":{"line":729,"column":4},"end":{"line":750,"column":5}},{"start":{},"end":{}}],"line":729},"57":{"loc":{"start":{"line":734,"column":6},"end":{"line":749,"column":7}},"type":"if","locations":[{"start":{"line":734,"column":6},"end":{"line":749,"column":7}},{"start":{},"end":{}}],"line":734},"58":{"loc":{"start":{"line":738,"column":8},"end":{"line":748,"column":9}},"type":"if","locations":[{"start":{"line":738,"column":8},"end":{"line":748,"column":9}},{"start":{},"end":{}}],"line":738},"59":{"loc":{"start":{"line":759,"column":24},"end":{"line":759,"column":87}},"type":"cond-expr","locations":[{"start":{"line":759,"column":38},"end":{"line":759,"column":83}},{"start":{"line":759,"column":86},"end":{"line":759,"column":87}}],"line":759},"60":{"loc":{"start":{"line":777,"column":4},"end":{"line":780,"column":7}},"type":"if","locations":[{"start":{"line":777,"column":4},"end":{"line":780,"column":7}},{"start":{},"end":{}}],"line":777},"61":{"loc":{"start":{"line":783,"column":27},"end":{"line":783,"column":90}},"type":"cond-expr","locations":[{"start":{"line":783,"column":41},"end":{"line":783,"column":86}},{"start":{"line":783,"column":89},"end":{"line":783,"column":90}}],"line":783},"62":{"loc":{"start":{"line":803,"column":13},"end":{"line":803,"column":40}},"type":"binary-expr","locations":[{"start":{"line":803,"column":13},"end":{"line":803,"column":34}},{"start":{"line":803,"column":38},"end":{"line":803,"column":40}}],"line":803},"63":{"loc":{"start":{"line":819,"column":30},"end":{"line":819,"column":47}},"type":"default-arg","locations":[{"start":{"line":819,"column":43},"end":{"line":819,"column":47}}],"line":819},"64":{"loc":{"start":{"line":823,"column":8},"end":{"line":823,"column":36}},"type":"binary-expr","locations":[{"start":{"line":823,"column":8},"end":{"line":823,"column":18}},{"start":{"line":823,"column":22},"end":{"line":823,"column":36}}],"line":823},"65":{"loc":{"start":{"line":827,"column":37},"end":{"line":827,"column":51}},"type":"default-arg","locations":[{"start":{"line":827,"column":47},"end":{"line":827,"column":51}}],"line":827},"66":{"loc":{"start":{"line":832,"column":8},"end":{"line":832,"column":30}},"type":"binary-expr","locations":[{"start":{"line":832,"column":8},"end":{"line":832,"column":15}},{"start":{"line":832,"column":19},"end":{"line":832,"column":30}}],"line":832},"67":{"loc":{"start":{"line":838,"column":2},"end":{"line":846,"column":3}},"type":"if","locations":[{"start":{"line":838,"column":2},"end":{"line":846,"column":3}},{"start":{},"end":{}}],"line":838},"68":{"loc":{"start":{"line":849,"column":18},"end":{"line":849,"column":37}},"type":"binary-expr","locations":[{"start":{"line":849,"column":18},"end":{"line":849,"column":31}},{"start":{"line":849,"column":35},"end":{"line":849,"column":37}}],"line":849},"69":{"loc":{"start":{"line":851,"column":35},"end":{"line":851,"column":68}},"type":"binary-expr","locations":[{"start":{"line":851,"column":35},"end":{"line":851,"column":38}},{"start":{"line":851,"column":42},"end":{"line":851,"column":68}}],"line":851},"70":{"loc":{"start":{"line":874,"column":8},"end":{"line":874,"column":72}},"type":"cond-expr","locations":[{"start":{"line":874,"column":49},"end":{"line":874,"column":60}},{"start":{"line":874,"column":63},"end":{"line":874,"column":72}}],"line":874},"71":{"loc":{"start":{"line":882,"column":17},"end":{"line":882,"column":46}},"type":"binary-expr","locations":[{"start":{"line":882,"column":17},"end":{"line":882,"column":41}},{"start":{"line":882,"column":45},"end":{"line":882,"column":46}}],"line":882},"72":{"loc":{"start":{"line":884,"column":6},"end":{"line":884,"column":52}},"type":"binary-expr","locations":[{"start":{"line":884,"column":6},"end":{"line":884,"column":31}},{"start":{"line":884,"column":35},"end":{"line":884,"column":52}}],"line":884},"73":{"loc":{"start":{"line":887,"column":17},"end":{"line":887,"column":47}},"type":"binary-expr","locations":[{"start":{"line":887,"column":17},"end":{"line":887,"column":31}},{"start":{"line":887,"column":35},"end":{"line":887,"column":47}}],"line":887},"74":{"loc":{"start":{"line":888,"column":19},"end":{"line":888,"column":41}},"type":"binary-expr","locations":[{"start":{"line":888,"column":19},"end":{"line":888,"column":35}},{"start":{"line":888,"column":39},"end":{"line":888,"column":41}}],"line":888},"75":{"loc":{"start":{"line":889,"column":16},"end":{"line":889,"column":35}},"type":"binary-expr","locations":[{"start":{"line":889,"column":16},"end":{"line":889,"column":29}},{"start":{"line":889,"column":33},"end":{"line":889,"column":35}}],"line":889},"76":{"loc":{"start":{"line":890,"column":19},"end":{"line":890,"column":41}},"type":"binary-expr","locations":[{"start":{"line":890,"column":19},"end":{"line":890,"column":35}},{"start":{"line":890,"column":39},"end":{"line":890,"column":41}}],"line":890},"77":{"loc":{"start":{"line":895,"column":4},"end":{"line":900,"column":5}},"type":"if","locations":[{"start":{"line":895,"column":4},"end":{"line":900,"column":5}},{"start":{},"end":{}}],"line":895},"78":{"loc":{"start":{"line":902,"column":4},"end":{"line":904,"column":5}},"type":"if","locations":[{"start":{"line":902,"column":4},"end":{"line":904,"column":5}},{"start":{},"end":{}}],"line":902},"79":{"loc":{"start":{"line":906,"column":4},"end":{"line":923,"column":5}},"type":"if","locations":[{"start":{"line":906,"column":4},"end":{"line":923,"column":5}},{"start":{},"end":{}}],"line":906},"80":{"loc":{"start":{"line":907,"column":6},"end":{"line":922,"column":7}},"type":"if","locations":[{"start":{"line":907,"column":6},"end":{"line":922,"column":7}},{"start":{"line":909,"column":13},"end":{"line":922,"column":7}}],"line":907},"81":{"loc":{"start":{"line":912,"column":8},"end":{"line":921,"column":9}},"type":"if","locations":[{"start":{"line":912,"column":8},"end":{"line":921,"column":9}},{"start":{"line":914,"column":15},"end":{"line":921,"column":9}}],"line":912},"82":{"loc":{"start":{"line":958,"column":8},"end":{"line":958,"column":72}},"type":"cond-expr","locations":[{"start":{"line":958,"column":49},"end":{"line":958,"column":60}},{"start":{"line":958,"column":63},"end":{"line":958,"column":72}}],"line":958},"83":{"loc":{"start":{"line":985,"column":4},"end":{"line":989,"column":5}},"type":"if","locations":[{"start":{"line":985,"column":4},"end":{"line":989,"column":5}},{"start":{},"end":{}}],"line":985},"84":{"loc":{"start":{"line":998,"column":8},"end":{"line":998,"column":72}},"type":"cond-expr","locations":[{"start":{"line":998,"column":49},"end":{"line":998,"column":60}},{"start":{"line":998,"column":63},"end":{"line":998,"column":72}}],"line":998},"85":{"loc":{"start":{"line":1030,"column":8},"end":{"line":1030,"column":72}},"type":"cond-expr","locations":[{"start":{"line":1030,"column":49},"end":{"line":1030,"column":60}},{"start":{"line":1030,"column":63},"end":{"line":1030,"column":72}}],"line":1030},"86":{"loc":{"start":{"line":1037,"column":2},"end":{"line":1045,"column":3}},"type":"if","locations":[{"start":{"line":1037,"column":2},"end":{"line":1045,"column":3}},{"start":{},"end":{}}],"line":1037},"87":{"loc":{"start":{"line":1050,"column":4},"end":{"line":1057,"column":5}},"type":"if","locations":[{"start":{"line":1050,"column":4},"end":{"line":1057,"column":5}},{"start":{},"end":{}}],"line":1050},"88":{"loc":{"start":{"line":1062,"column":4},"end":{"line":1087,"column":5}},"type":"if","locations":[{"start":{"line":1062,"column":4},"end":{"line":1087,"column":5}},{"start":{"line":1071,"column":11},"end":{"line":1087,"column":5}}],"line":1062},"89":{"loc":{"start":{"line":1063,"column":6},"end":{"line":1070,"column":7}},"type":"if","locations":[{"start":{"line":1063,"column":6},"end":{"line":1070,"column":7}},{"start":{"line":1065,"column":13},"end":{"line":1070,"column":7}}],"line":1063},"90":{"loc":{"start":{"line":1071,"column":11},"end":{"line":1087,"column":5}},"type":"if","locations":[{"start":{"line":1071,"column":11},"end":{"line":1087,"column":5}},{"start":{"line":1080,"column":11},"end":{"line":1087,"column":5}}],"line":1071},"91":{"loc":{"start":{"line":1072,"column":6},"end":{"line":1079,"column":7}},"type":"if","locations":[{"start":{"line":1072,"column":6},"end":{"line":1079,"column":7}},{"start":{"line":1074,"column":13},"end":{"line":1079,"column":7}}],"line":1072},"92":{"loc":{"start":{"line":1080,"column":11},"end":{"line":1087,"column":5}},"type":"if","locations":[{"start":{"line":1080,"column":11},"end":{"line":1087,"column":5}},{"start":{},"end":{}}],"line":1080},"93":{"loc":{"start":{"line":1108,"column":8},"end":{"line":1108,"column":72}},"type":"cond-expr","locations":[{"start":{"line":1108,"column":49},"end":{"line":1108,"column":60}},{"start":{"line":1108,"column":63},"end":{"line":1108,"column":72}}],"line":1108},"94":{"loc":{"start":{"line":1120,"column":4},"end":{"line":1127,"column":5}},"type":"if","locations":[{"start":{"line":1120,"column":4},"end":{"line":1127,"column":5}},{"start":{},"end":{}}],"line":1120},"95":{"loc":{"start":{"line":1132,"column":6},"end":{"line":1138,"column":7}},"type":"if","locations":[{"start":{"line":1132,"column":6},"end":{"line":1138,"column":7}},{"start":{},"end":{}}],"line":1132},"96":{"loc":{"start":{"line":1141,"column":6},"end":{"line":1150,"column":7}},"type":"if","locations":[{"start":{"line":1141,"column":6},"end":{"line":1150,"column":7}},{"start":{},"end":{}}],"line":1141},"97":{"loc":{"start":{"line":1143,"column":8},"end":{"line":1149,"column":9}},"type":"if","locations":[{"start":{"line":1143,"column":8},"end":{"line":1149,"column":9}},{"start":{},"end":{}}],"line":1143},"98":{"loc":{"start":{"line":1157,"column":23},"end":{"line":1157,"column":58}},"type":"binary-expr","locations":[{"start":{"line":1157,"column":23},"end":{"line":1157,"column":45}},{"start":{"line":1157,"column":49},"end":{"line":1157,"column":58}}],"line":1157},"99":{"loc":{"start":{"line":1190,"column":17},"end":{"line":1190,"column":81}},"type":"cond-expr","locations":[{"start":{"line":1190,"column":58},"end":{"line":1190,"column":69}},{"start":{"line":1190,"column":72},"end":{"line":1190,"column":81}}],"line":1190},"100":{"loc":{"start":{"line":1208,"column":6},"end":{"line":1215,"column":7}},"type":"if","locations":[{"start":{"line":1208,"column":6},"end":{"line":1215,"column":7}},{"start":{},"end":{}}],"line":1208},"101":{"loc":{"start":{"line":1221,"column":8},"end":{"line":1227,"column":9}},"type":"if","locations":[{"start":{"line":1221,"column":8},"end":{"line":1227,"column":9}},{"start":{},"end":{}}],"line":1221},"102":{"loc":{"start":{"line":1229,"column":8},"end":{"line":1235,"column":9}},"type":"if","locations":[{"start":{"line":1229,"column":8},"end":{"line":1235,"column":9}},{"start":{},"end":{}}],"line":1229},"103":{"loc":{"start":{"line":1238,"column":8},"end":{"line":1244,"column":9}},"type":"if","locations":[{"start":{"line":1238,"column":8},"end":{"line":1244,"column":9}},{"start":{},"end":{}}],"line":1238},"104":{"loc":{"start":{"line":1247,"column":8},"end":{"line":1253,"column":9}},"type":"if","locations":[{"start":{"line":1247,"column":8},"end":{"line":1253,"column":9}},{"start":{},"end":{}}],"line":1247},"105":{"loc":{"start":{"line":1278,"column":19},"end":{"line":1278,"column":83}},"type":"cond-expr","locations":[{"start":{"line":1278,"column":60},"end":{"line":1278,"column":71}},{"start":{"line":1278,"column":74},"end":{"line":1278,"column":83}}],"line":1278}},"s":{"0":1,"1":1,"2":1,"3":1,"4":1,"5":1,"6":1,"7":1,"8":1,"9":1,"10":1,"11":1,"12":1,"13":1,"14":1,"15":1,"16":1,"17":0,"18":0,"19":0,"20":0,"21":0,"22":0,"23":0,"24":0,"25":0,"26":0,"27":0,"28":0,"29":0,"30":0,"31":0,"32":0,"33":0,"34":0,"35":0,"36":0,"37":1,"38":1,"39":1,"40":0,"41":1,"42":1,"43":1,"44":1,"45":0,"46":0,"47":0,"48":0,"49":0,"50":0,"51":1,"52":0,"53":1,"54":1,"55":1,"56":1,"57":0,"58":1,"59":1,"60":1,"61":0,"62":1,"63":1,"64":1,"65":1,"66":0,"67":1,"68":1,"69":0,"70":1,"71":0,"72":1,"73":0,"74":0,"75":0,"76":0,"77":0,"78":0,"79":0,"80":0,"81":0,"82":0,"83":0,"84":0,"85":1,"86":0,"87":0,"88":0,"89":0,"90":0,"91":0,"92":0,"93":0,"94":0,"95":0,"96":0,"97":0,"98":1,"99":0,"100":0,"101":0,"102":0,"103":0,"104":0,"105":0,"106":0,"107":0,"108":0,"109":1,"110":0,"111":0,"112":0,"113":0,"114":0,"115":0,"116":0,"117":0,"118":0,"119":0,"120":1,"121":0,"122":0,"123":0,"124":0,"125":0,"126":0,"127":0,"128":1,"129":0,"130":0,"131":0,"132":0,"133":0,"134":0,"135":0,"136":0,"137":0,"138":0,"139":1,"140":0,"141":0,"142":0,"143":0,"144":0,"145":0,"146":0,"147":0,"148":0,"149":0,"150":0,"151":1,"152":1,"153":1,"154":0,"155":1,"156":1,"157":1,"158":1,"159":1,"160":0,"161":1,"162":0,"163":0,"164":0,"165":0,"166":1,"167":0,"168":0,"169":0,"170":0,"171":0,"172":0,"173":1,"174":0,"175":0,"176":0,"177":0,"178":0,"179":0,"180":0,"181":0,"182":0,"183":0,"184":0,"185":0,"186":0,"187":0,"188":0,"189":0,"190":0,"191":1,"192":0,"193":0,"194":0,"195":0,"196":0,"197":0,"198":0,"199":0,"200":1,"201":0,"202":0,"203":0,"204":0,"205":0,"206":0,"207":0,"208":0,"209":0,"210":0,"211":0,"212":0,"213":0,"214":0,"215":0,"216":1,"217":0,"218":0,"219":0,"220":0,"221":0,"222":0,"223":0,"224":0,"225":0,"226":0,"227":0,"228":0,"229":0,"230":0,"231":0,"232":0,"233":0,"234":0,"235":0,"236":0,"237":0,"238":0,"239":0,"240":0,"241":0,"242":0,"243":0,"244":0,"245":0,"246":0,"247":0,"248":0,"249":0,"250":0,"251":0,"252":0,"253":0,"254":0,"255":0,"256":0,"257":0,"258":0,"259":0,"260":0,"261":0,"262":0,"263":0,"264":1,"265":0,"266":0,"267":0,"268":0,"269":1,"270":0,"271":0,"272":0,"273":0,"274":0,"275":1,"276":0,"277":0,"278":0,"279":0,"280":1,"281":0,"282":0,"283":0,"284":0,"285":0,"286":0,"287":0,"288":0,"289":0,"290":0,"291":0,"292":0,"293":0,"294":0,"295":0,"296":0,"297":0,"298":0,"299":0,"300":0,"301":0,"302":0,"303":0,"304":0,"305":0,"306":1,"307":0,"308":0,"309":0,"310":0,"311":0,"312":0,"313":0,"314":0,"315":0,"316":1,"317":0,"318":0,"319":0,"320":0,"321":1,"322":0,"323":0,"324":0,"325":1,"326":0,"327":1,"328":0,"329":1,"330":0,"331":0,"332":0,"333":0,"334":0,"335":0,"336":0,"337":0,"338":0,"339":0,"340":0,"341":0,"342":0,"343":1,"344":0,"345":0,"346":0,"347":0,"348":0,"349":0,"350":0,"351":0,"352":0,"353":0,"354":0,"355":0,"356":0,"357":0,"358":0,"359":0,"360":0,"361":0,"362":0,"363":0,"364":0,"365":0,"366":0,"367":0,"368":1,"369":0,"370":0,"371":0,"372":0,"373":0,"374":0,"375":0,"376":1,"377":0,"378":0,"379":0,"380":0,"381":0,"382":0,"383":1,"384":0,"385":0,"386":0,"387":0,"388":0,"389":0,"390":0,"391":0,"392":0,"393":0,"394":0,"395":0,"396":0,"397":0,"398":0,"399":0,"400":0,"401":0,"402":0,"403":0,"404":0,"405":0,"406":0,"407":1,"408":0,"409":0,"410":0,"411":0,"412":0,"413":0,"414":0,"415":0,"416":0,"417":0,"418":0,"419":0,"420":0,"421":0,"422":0,"423":0,"424":0,"425":0,"426":1,"427":0,"428":1,"429":0,"430":1,"431":0,"432":0,"433":0,"434":0,"435":0,"436":0,"437":0,"438":0,"439":0,"440":0,"441":0,"442":0,"443":0,"444":0,"445":0,"446":0,"447":0,"448":0,"449":0,"450":1},"f":{"0":0,"1":0,"2":0,"3":0,"4":0,"5":0,"6":1,"7":1,"8":0,"9":0,"10":0,"11":0,"12":0,"13":0,"14":0,"15":0,"16":0,"17":1,"18":0,"19":0,"20":0,"21":0,"22":0,"23":0,"24":0,"25":0,"26":0,"27":0,"28":0,"29":0,"30":0,"31":0,"32":0,"33":0,"34":0,"35":0,"36":0,"37":0,"38":0,"39":0,"40":0,"41":0,"42":0,"43":0,"44":0,"45":0,"46":0,"47":0,"48":0,"49":0,"50":0,"51":0},"b":{"0":[0,0],"1":[0,1],"2":[0,1],"3":[0,0],"4":[0,0],"5":[0,1],"6":[0,1],"7":[0,1],"8":[1,1],"9":[0,0],"10":[0,0],"11":[0,0],"12":[0,0],"13":[0,0],"14":[0,0],"15":[0,0],"16":[0,0],"17":[0,0],"18":[0,0],"19":[0,0],"20":[0,0],"21":[0,0],"22":[0,0],"23":[0,1],"24":[0,0],"25":[0,0],"26":[0,0],"27":[0,0],"28":[0,0],"29":[0,0],"30":[0,0],"31":[0,0],"32":[0,0],"33":[0,0],"34":[0,0],"35":[0,0],"36":[0,0,0],"37":[0,0],"38":[0,0],"39":[0,0],"40":[0,0],"41":[0,0],"42":[0,0],"43":[0,0],"44":[0,0],"45":[0,0],"46":[0,0],"47":[0,0],"48":[0,0],"49":[0,0],"50":[0,0],"51":[0,0],"52":[0,0],"53":[0,0],"54":[0,0],"55":[0,0],"56":[0,0],"57":[0,0],"58":[0,0],"59":[0,0],"60":[0,0],"61":[0,0],"62":[0,0],"63":[0],"64":[0,0],"65":[0],"66":[0,0],"67":[0,0],"68":[0,0],"69":[0,0],"70":[0,0],"71":[0,0],"72":[0,0],"73":[0,0],"74":[0,0],"75":[0,0],"76":[0,0],"77":[0,0],"78":[0,0],"79":[0,0],"80":[0,0],"81":[0,0],"82":[0,0],"83":[0,0],"84":[0,0],"85":[0,0],"86":[0,0],"87":[0,0],"88":[0,0],"89":[0,0],"90":[0,0],"91":[0,0],"92":[0,0],"93":[0,0],"94":[0,0],"95":[0,0],"96":[0,0],"97":[0,0],"98":[0,0],"99":[0,0],"100":[0,0],"101":[0,0],"102":[0,0],"103":[0,0],"104":[0,0],"105":[0,0]},"_coverageSchema":"1a1c01bbd47fc00a2c39e90264f33305004495a9","hash":"4d17d5aab647c89c91c167b545cbc21ec5ed11f5"}
,"C:\\code playground\\hello\\ctf\\CTF platform\\backend\\tests\\testApp.js": {"path":"C:\\code playground\\hello\\ctf\\CTF platform\\backend\\tests\\testApp.js","statementMap":{"0":{"start":{"line":1,"column":16},"end":{"line":1,"column":34}},"1":{"start":{"line":2,"column":17},"end":{"line":2,"column":36}},"2":{"start":{"line":3,"column":0},"end":{"line":3,"column":48}},"3":{"start":{"line":5,"column":0},"end":{"line":23,"column":2}},"4":{"start":{"line":6,"column":14},"end":{"line":6,"column":23}},"5":{"start":{"line":9,"column":2},"end":{"line":9,"column":26}},"6":{"start":{"line":13,"column":2},"end":{"line":16,"column":5}},"7":{"start":{"line":19,"column":17},"end":{"line":19,"column":37}},"8":{"start":{"line":20,"column":2},"end":{"line":20,"column":23}},"9":{"start":{"line":22,"column":2},"end":{"line":22,"column":13}}},"fnMap":{"0":{"name":"(anonymous_0)","decl":{"start":{"line":5,"column":17},"end":{"line":5,"column":18}},"loc":{"start":{"line":5,"column":29},"end":{"line":23,"column":1}},"line":5}},"branchMap":{},"s":{"0":1,"1":1,"2":1,"3":1,"4":1,"5":1,"6":1,"7":1,"8":1,"9":1},"f":{"0":1},"b":{},"_coverageSchema":"1a1c01bbd47fc00a2c39e90264f33305004495a9","hash":"89f788e1c071689a71ecdd6986b1b70774684ab3"}
,"C:\\code playground\\hello\\ctf\\CTF platform\\backend\\tests\\testHelpers.js": {"path":"C:\\code playground\\hello\\ctf\\CTF platform\\backend\\tests\\testHelpers.js","statementMap":{"0":{"start":{"line":2,"column":0},"end":{"line":17,"column":4}},"1":{"start":{"line":3,"column":71},"end":{"line":9,"column":5}},"2":{"start":{"line":11,"column":18},"end":{"line":11,"column":20}},"3":{"start":{"line":12,"column":6},"end":{"line":12,"column":50}},"4":{"start":{"line":13,"column":6},"end":{"line":13,"column":48}},"5":{"start":{"line":14,"column":6},"end":{"line":14,"column":48}},"6":{"start":{"line":15,"column":6},"end":{"line":15,"column":17}}},"fnMap":{"0":{"name":"(anonymous_0)","decl":{"start":{"line":3,"column":17},"end":{"line":3,"column":18}},"loc":{"start":{"line":3,"column":71},"end":{"line":9,"column":5}},"line":3},"1":{"name":"(anonymous_1)","decl":{"start":{"line":10,"column":18},"end":{"line":10,"column":19}},"loc":{"start":{"line":10,"column":24},"end":{"line":16,"column":5}},"line":10}},"branchMap":{"0":{"loc":{"start":{"line":3,"column":18},"end":{"line":3,"column":27}},"type":"default-arg","locations":[{"start":{"line":3,"column":25},"end":{"line":3,"column":27}}],"line":3},"1":{"loc":{"start":{"line":3,"column":29},"end":{"line":3,"column":40}},"type":"default-arg","locations":[{"start":{"line":3,"column":38},"end":{"line":3,"column":40}}],"line":3},"2":{"loc":{"start":{"line":3,"column":42},"end":{"line":3,"column":52}},"type":"default-arg","locations":[{"start":{"line":3,"column":50},"end":{"line":3,"column":52}}],"line":3},"3":{"loc":{"start":{"line":3,"column":54},"end":{"line":3,"column":65}},"type":"default-arg","locations":[{"start":{"line":3,"column":61},"end":{"line":3,"column":65}}],"line":3}},"s":{"0":1,"1":3,"2":3,"3":3,"4":3,"5":3,"6":3},"f":{"0":3,"1":3},"b":{"0":[3],"1":[3],"2":[3],"3":[3]},"_coverageSchema":"1a1c01bbd47fc00a2c39e90264f33305004495a9","hash":"6e9b6ec0974f7400b119d5e5317885d23d5a208b"}
}
