TN:
SF:middleware.js
FN:23,(anonymous_0)
FN:29,(anonymous_1)
FN:30,(anonymous_2)
FN:31,(anonymous_3)
FN:55,(anonymous_4)
FN:61,(anonymous_5)
FN:70,(anonymous_6)
FN:77,(anonymous_7)
FN:83,(anonymous_8)
FN:90,getPredefinedResponse
FN:101,getGeneralCTFAdvice
FN:130,(anonymous_11)
FN:146,(anonymous_12)
FN:158,(anonymous_13)
FN:173,(anonymous_14)
FN:184,(anonymous_15)
FN:229,(anonymous_16)
FN:230,(anonymous_17)
FNF:18
FNH:7
FNDA:0,(anonymous_0)
FNDA:0,(anonymous_1)
FNDA:0,(anonymous_2)
FNDA:0,(anonymous_3)
FNDA:3,(anonymous_4)
FNDA:2,(anonymous_5)
FNDA:0,(anonymous_6)
FNDA:0,(anonymous_7)
FNDA:0,(anonymous_8)
FNDA:2,getPredefinedResponse
FNDA:1,getGeneralCTFAdvice
FNDA:1,(anonymous_11)
FNDA:0,(anonymous_12)
FNDA:0,(anonymous_13)
FNDA:0,(anonymous_14)
FNDA:0,(anonymous_15)
FNDA:1,(anonymous_16)
FNDA:4,(anonymous_17)
DA:2,2
DA:3,2
DA:4,2
DA:5,2
DA:6,2
DA:7,2
DA:8,2
DA:9,2
DA:10,2
DA:13,2
DA:19,2
DA:23,0
DA:26,2
DA:29,0
DA:30,0
DA:32,0
DA:33,0
DA:43,2
DA:48,2
DA:55,2
DA:56,3
DA:57,3
DA:59,3
DA:61,2
DA:62,2
DA:63,2
DA:64,2
DA:69,2
DA:71,0
DA:72,0
DA:73,0
DA:75,0
DA:78,0
DA:79,0
DA:83,2
DA:84,0
DA:85,0
DA:87,0
DA:91,2
DA:92,2
DA:99,2
DA:102,1
DA:115,1
DA:116,1
DA:117,3
DA:120,1
DA:123,2
DA:130,2
DA:131,1
DA:132,1
DA:133,1
DA:134,0
DA:137,1
DA:140,2
DA:147,0
DA:148,0
DA:149,0
DA:154,0
DA:158,2
DA:159,0
DA:160,0
DA:161,0
DA:162,0
DA:167,0
DA:168,0
DA:170,0
DA:173,2
DA:174,0
DA:175,0
DA:181,0
DA:184,2
DA:185,0
DA:186,0
DA:192,0
DA:195,2
DA:196,2
DA:198,2
DA:210,2
DA:218,2
DA:224,2
DA:229,2
DA:230,2
DA:231,4
DA:232,4
DA:234,2
DA:235,2
LF:86
LH:54
BRDA:23,0,0,0
BRDA:23,0,1,0
BRDA:29,1,0,0
BRDA:29,1,1,0
BRDA:57,2,0,3
BRDA:57,2,1,2
BRDA:59,3,0,1
BRDA:59,3,1,2
BRDA:62,4,0,0
BRDA:62,4,1,2
BRDA:72,5,0,0
BRDA:72,5,1,0
BRDA:84,6,0,0
BRDA:84,6,1,0
BRDA:99,7,0,2
BRDA:99,7,1,1
BRDA:131,8,0,1
BRDA:131,8,1,0
BRDA:133,9,0,0
BRDA:133,9,1,1
BRDA:148,10,0,0
BRDA:148,10,1,0
BRDA:161,11,0,0
BRDA:161,11,1,0
BRDA:174,12,0,0
BRDA:174,12,1,0
BRDA:185,13,0,0
BRDA:185,13,1,0
BRDA:232,14,0,4
BRDA:232,14,1,0
BRF:30
BRH:10
end_of_record
TN:
SF:models.js
FN:176,migrateChallenges
FN:204,(anonymous_1)
FNF:2
FNH:0
FNDA:0,migrateChallenges
FNDA:0,(anonymous_1)
DA:2,1
DA:3,1
DA:5,1
DA:26,1
DA:84,1
DA:128,1
DA:168,1
DA:169,1
DA:170,1
DA:171,1
DA:173,1
DA:174,1
DA:177,0
DA:179,0
DA:181,0
DA:182,0
DA:183,0
DA:189,0
DA:193,0
DA:201,0
DA:202,0
DA:203,0
DA:204,0
DA:209,0
DA:212,1
LF:25
LH:13
BRDA:179,0,0,0
BRDA:179,0,1,0
BRDA:182,1,0,0
BRDA:182,1,1,0
BRDA:201,2,0,0
BRDA:201,2,1,0
BRF:6
BRH:0
end_of_record
TN:
SF:routes.js
FN:47,generateAIHint
FN:80,buildHelpMessage
FN:90,getGeneralCTFTips
FN:99,(anonymous_3)
FN:102,getCTFStrategyAdvice
FN:111,(anonymous_5)
FN:119,(anonymous_6)
FN:161,(anonymous_7)
FN:191,(anonymous_8)
FN:198,(anonymous_9)
FN:199,(anonymous_10)
FN:219,(anonymous_11)
FN:240,(anonymous_12)
FN:273,(anonymous_13)
FN:293,(anonymous_14)
FN:315,(anonymous_15)
FN:340,(anonymous_16)
FN:365,(anonymous_17)
FN:389,(anonymous_18)
FN:400,(anonymous_19)
FN:419,(anonymous_20)
FN:473,(anonymous_21)
FN:479,(anonymous_22)
FN:491,(anonymous_23)
FN:500,(anonymous_24)
FN:529,(anonymous_25)
FN:581,(anonymous_26)
FN:582,(anonymous_27)
FN:586,(anonymous_28)
FN:664,(anonymous_29)
FN:674,(anonymous_30)
FN:689,(anonymous_31)
FN:704,(anonymous_32)
FN:730,(anonymous_33)
FN:753,(anonymous_34)
FN:774,(anonymous_35)
FN:799,(anonymous_36)
FN:809,(anonymous_37)
FN:819,(anonymous_38)
FN:827,(anonymous_39)
FN:836,(anonymous_40)
FN:850,(anonymous_41)
FN:851,(anonymous_42)
FN:879,(anonymous_43)
FN:963,(anonymous_44)
FN:1004,(anonymous_45)
FN:1018,(anonymous_46)
FN:1035,(anonymous_47)
FN:1118,(anonymous_48)
FN:1196,(anonymous_49)
FN:1199,(anonymous_50)
FN:1206,(anonymous_51)
FNF:52
FNH:3
FNDA:0,generateAIHint
FNDA:0,buildHelpMessage
FNDA:0,getGeneralCTFTips
FNDA:0,(anonymous_3)
FNDA:0,getCTFStrategyAdvice
FNDA:0,(anonymous_5)
FNDA:1,(anonymous_6)
FNDA:1,(anonymous_7)
FNDA:0,(anonymous_8)
FNDA:0,(anonymous_9)
FNDA:0,(anonymous_10)
FNDA:0,(anonymous_11)
FNDA:0,(anonymous_12)
FNDA:0,(anonymous_13)
FNDA:0,(anonymous_14)
FNDA:0,(anonymous_15)
FNDA:0,(anonymous_16)
FNDA:1,(anonymous_17)
FNDA:0,(anonymous_18)
FNDA:0,(anonymous_19)
FNDA:0,(anonymous_20)
FNDA:0,(anonymous_21)
FNDA:0,(anonymous_22)
FNDA:0,(anonymous_23)
FNDA:0,(anonymous_24)
FNDA:0,(anonymous_25)
FNDA:0,(anonymous_26)
FNDA:0,(anonymous_27)
FNDA:0,(anonymous_28)
FNDA:0,(anonymous_29)
FNDA:0,(anonymous_30)
FNDA:0,(anonymous_31)
FNDA:0,(anonymous_32)
FNDA:0,(anonymous_33)
FNDA:0,(anonymous_34)
FNDA:0,(anonymous_35)
FNDA:0,(anonymous_36)
FNDA:0,(anonymous_37)
FNDA:0,(anonymous_38)
FNDA:0,(anonymous_39)
FNDA:0,(anonymous_40)
FNDA:0,(anonymous_41)
FNDA:0,(anonymous_42)
FNDA:0,(anonymous_43)
FNDA:0,(anonymous_44)
FNDA:0,(anonymous_45)
FNDA:0,(anonymous_46)
FNDA:0,(anonymous_47)
FNDA:0,(anonymous_48)
FNDA:0,(anonymous_49)
FNDA:0,(anonymous_50)
FNDA:0,(anonymous_51)
DA:2,1
DA:3,1
DA:4,1
DA:5,1
DA:6,1
DA:7,1
DA:8,1
DA:9,1
DA:10,1
DA:11,1
DA:33,1
DA:34,1
DA:36,1
DA:37,1
DA:38,1
DA:39,1
DA:41,1
DA:48,0
DA:49,0
DA:53,0
DA:65,0
DA:67,0
DA:68,0
DA:76,0
DA:81,0
DA:82,0
DA:83,0
DA:84,0
DA:85,0
DA:86,0
DA:87,0
DA:91,0
DA:99,0
DA:103,0
DA:111,0
DA:115,1
DA:120,1
DA:121,1
DA:123,1
DA:124,1
DA:127,1
DA:131,1
DA:132,0
DA:133,0
DA:134,0
DA:136,0
DA:141,1
DA:142,0
DA:145,1
DA:146,1
DA:147,1
DA:149,1
DA:154,0
DA:158,1
DA:162,1
DA:163,1
DA:165,1
DA:166,1
DA:167,1
DA:169,1
DA:170,0
DA:173,1
DA:175,1
DA:187,0
DA:191,1
DA:192,0
DA:196,1
DA:199,0
DA:200,0
DA:201,0
DA:203,0
DA:204,0
DA:205,0
DA:207,0
DA:208,0
DA:212,0
DA:216,1
DA:220,0
DA:221,0
DA:223,0
DA:224,0
DA:225,0
DA:226,0
DA:228,0
DA:229,0
DA:230,0
DA:232,0
DA:237,1
DA:241,0
DA:242,0
DA:243,0
DA:247,0
DA:248,0
DA:254,0
DA:257,0
DA:263,0
DA:267,0
DA:268,0
DA:273,1
DA:274,0
DA:275,0
DA:277,0
DA:278,0
DA:279,0
DA:280,0
DA:284,0
DA:285,0
DA:287,0
DA:289,0
DA:293,1
DA:294,0
DA:295,0
DA:299,0
DA:301,0
DA:302,0
DA:304,0
DA:308,1
DA:316,0
DA:317,0
DA:319,0
DA:320,0
DA:321,0
DA:322,0
DA:325,0
DA:331,0
DA:333,0
DA:337,1
DA:341,0
DA:342,0
DA:344,0
DA:345,0
DA:346,0
DA:347,0
DA:350,0
DA:351,0
DA:352,0
DA:354,0
DA:359,1
DA:366,1
DA:367,1
DA:369,1
DA:370,1
DA:377,1
DA:380,1
DA:384,1
DA:386,0
DA:389,1
DA:390,0
DA:391,0
DA:394,0
DA:396,0
DA:400,1
DA:401,0
DA:402,0
DA:403,0
DA:405,0
DA:408,0
DA:410,0
DA:414,1
DA:420,0
DA:421,0
DA:422,0
DA:425,0
DA:426,0
DA:433,0
DA:434,0
DA:441,0
DA:442,0
DA:450,0
DA:451,0
DA:452,0
DA:454,0
DA:455,0
DA:457,0
DA:464,0
DA:465,0
DA:473,1
DA:474,0
DA:475,0
DA:476,0
DA:479,0
DA:485,0
DA:487,0
DA:491,1
DA:492,0
DA:493,0
DA:494,0
DA:496,0
DA:497,0
DA:500,0
DA:501,0
DA:504,0
DA:505,0
DA:508,0
DA:509,0
DA:514,0
DA:515,0
DA:517,0
DA:524,0
DA:529,1
DA:530,0
DA:531,0
DA:532,0
DA:533,0
DA:536,0
DA:537,0
DA:538,0
DA:546,0
DA:547,0
DA:548,0
DA:549,0
DA:550,0
DA:553,0
DA:554,0
DA:555,0
DA:562,0
DA:563,0
DA:564,0
DA:571,0
DA:572,0
DA:579,0
DA:580,0
DA:581,0
DA:582,0
DA:584,0
DA:585,0
DA:586,0
DA:592,0
DA:593,0
DA:594,0
DA:596,0
DA:604,0
DA:605,0
DA:606,0
DA:612,0
DA:613,0
DA:614,0
DA:616,0
DA:624,0
DA:625,0
DA:626,0
DA:630,0
DA:638,0
DA:639,0
DA:647,0
DA:654,0
DA:655,0
DA:664,1
DA:665,0
DA:666,0
DA:668,0
DA:670,0
DA:674,1
DA:675,0
DA:676,0
DA:677,0
DA:683,0
DA:685,0
DA:689,1
DA:690,0
DA:691,0
DA:697,0
DA:699,0
DA:704,1
DA:705,0
DA:707,0
DA:713,0
DA:714,0
DA:715,0
DA:717,0
DA:718,0
DA:719,0
DA:720,0
DA:728,0
DA:729,0
DA:730,0
DA:731,0
DA:734,0
DA:735,0
DA:738,0
DA:740,0
DA:743,0
DA:747,0
DA:753,0
DA:754,0
DA:755,0
DA:763,0
DA:765,0
DA:766,0
DA:774,1
DA:775,0
DA:776,0
DA:777,0
DA:782,0
DA:783,0
DA:785,0
DA:791,0
DA:792,0
DA:799,1
DA:800,0
DA:801,0
DA:803,0
DA:805,0
DA:809,1
DA:810,0
DA:815,0
DA:816,0
DA:819,1
DA:820,0
DA:827,1
DA:828,0
DA:836,1
DA:837,0
DA:838,0
DA:839,0
DA:848,0
DA:849,0
DA:850,0
DA:851,0
DA:854,0
DA:861,0
DA:862,0
DA:865,0
DA:869,0
DA:870,0
DA:879,1
DA:880,0
DA:882,0
DA:883,0
DA:887,0
DA:888,0
DA:889,0
DA:890,0
DA:893,0
DA:895,0
DA:896,0
DA:902,0
DA:903,0
DA:906,0
DA:907,0
DA:908,0
DA:911,0
DA:912,0
DA:913,0
DA:915,0
DA:926,0
DA:942,0
DA:944,0
DA:953,0
DA:954,0
DA:963,1
DA:964,0
DA:965,0
DA:985,0
DA:986,0
DA:991,0
DA:993,0
DA:994,0
DA:1004,1
DA:1005,0
DA:1006,0
DA:1016,0
DA:1018,0
DA:1025,0
DA:1026,0
DA:1035,1
DA:1036,0
DA:1037,0
DA:1038,0
DA:1047,0
DA:1048,0
DA:1050,0
DA:1051,0
DA:1059,0
DA:1060,0
DA:1062,0
DA:1063,0
DA:1064,0
DA:1066,0
DA:1071,0
DA:1072,0
DA:1073,0
DA:1075,0
DA:1080,0
DA:1081,0
DA:1089,0
DA:1095,0
DA:1103,0
DA:1104,0
DA:1113,1
DA:1119,0
DA:1120,0
DA:1121,0
DA:1129,0
DA:1131,0
DA:1132,0
DA:1133,0
DA:1141,0
DA:1142,0
DA:1143,0
DA:1144,0
DA:1153,0
DA:1160,0
DA:1163,0
DA:1170,0
DA:1180,0
DA:1185,0
DA:1186,0
DA:1195,1
DA:1196,0
DA:1198,1
DA:1199,0
DA:1201,1
DA:1207,0
DA:1208,0
DA:1209,0
DA:1217,0
DA:1218,0
DA:1219,0
DA:1221,0
DA:1222,0
DA:1229,0
DA:1230,0
DA:1238,0
DA:1239,0
DA:1247,0
DA:1248,0
DA:1256,0
DA:1262,0
DA:1268,0
DA:1273,0
DA:1274,0
DA:1283,1
LF:433
LH:79
BRDA:76,0,0,0
BRDA:76,0,1,0
BRDA:121,1,0,0
BRDA:121,1,1,1
BRDA:131,2,0,0
BRDA:131,2,1,1
BRDA:133,3,0,0
BRDA:133,3,1,0
BRDA:134,4,0,0
BRDA:134,4,1,0
BRDA:141,5,0,0
BRDA:141,5,1,1
BRDA:163,6,0,0
BRDA:163,6,1,1
BRDA:169,7,0,0
BRDA:169,7,1,1
BRDA:169,8,0,1
BRDA:169,8,1,1
BRDA:201,9,0,0
BRDA:201,9,1,0
BRDA:205,10,0,0
BRDA:205,10,1,0
BRDA:221,11,0,0
BRDA:221,11,1,0
BRDA:226,12,0,0
BRDA:226,12,1,0
BRDA:242,13,0,0
BRDA:242,13,1,0
BRDA:277,14,0,0
BRDA:277,14,1,0
BRDA:279,15,0,0
BRDA:279,15,1,0
BRDA:299,16,0,0
BRDA:299,16,1,0
BRDA:317,17,0,0
BRDA:317,17,1,0
BRDA:321,18,0,0
BRDA:321,18,1,0
BRDA:321,19,0,0
BRDA:321,19,1,0
BRDA:327,20,0,0
BRDA:327,20,1,0
BRDA:342,21,0,0
BRDA:342,21,1,0
BRDA:346,22,0,0
BRDA:346,22,1,0
BRDA:367,23,0,0
BRDA:367,23,1,1
BRDA:402,24,0,0
BRDA:402,24,1,0
BRDA:425,25,0,0
BRDA:425,25,1,0
BRDA:433,26,0,0
BRDA:433,26,1,0
BRDA:441,27,0,0
BRDA:441,27,1,0
BRDA:476,28,0,0
BRDA:476,28,1,0
BRDA:496,29,0,0
BRDA:496,29,1,0
BRDA:496,30,0,0
BRDA:496,30,1,0
BRDA:501,31,0,0
BRDA:501,31,1,0
BRDA:504,32,0,0
BRDA:504,32,1,0
BRDA:508,33,0,0
BRDA:508,33,1,0
BRDA:537,34,0,0
BRDA:537,34,1,0
BRDA:547,35,0,0
BRDA:547,35,1,0
BRDA:548,36,0,0
BRDA:548,36,1,0
BRDA:548,36,2,0
BRDA:549,37,0,0
BRDA:549,37,1,0
BRDA:550,38,0,0
BRDA:550,38,1,0
BRDA:553,39,0,0
BRDA:553,39,1,0
BRDA:554,40,0,0
BRDA:554,40,1,0
BRDA:563,41,0,0
BRDA:563,41,1,0
BRDA:571,42,0,0
BRDA:571,42,1,0
BRDA:579,43,0,0
BRDA:579,43,1,0
BRDA:584,44,0,0
BRDA:584,44,1,0
BRDA:604,45,0,0
BRDA:604,45,1,0
BRDA:605,46,0,0
BRDA:605,46,1,0
BRDA:624,47,0,0
BRDA:624,47,1,0
BRDA:624,48,0,0
BRDA:624,48,1,0
BRDA:625,49,0,0
BRDA:625,49,1,0
BRDA:626,50,0,0
BRDA:626,50,1,0
BRDA:638,51,0,0
BRDA:638,51,1,0
BRDA:658,52,0,0
BRDA:658,52,1,0
BRDA:668,53,0,0
BRDA:668,53,1,0
BRDA:714,54,0,0
BRDA:714,54,1,0
BRDA:717,55,0,0
BRDA:717,55,1,0
BRDA:729,56,0,0
BRDA:729,56,1,0
BRDA:734,57,0,0
BRDA:734,57,1,0
BRDA:738,58,0,0
BRDA:738,58,1,0
BRDA:759,59,0,0
BRDA:759,59,1,0
BRDA:777,60,0,0
BRDA:777,60,1,0
BRDA:783,61,0,0
BRDA:783,61,1,0
BRDA:803,62,0,0
BRDA:803,62,1,0
BRDA:819,63,0,0
BRDA:823,64,0,0
BRDA:823,64,1,0
BRDA:827,65,0,0
BRDA:832,66,0,0
BRDA:832,66,1,0
BRDA:838,67,0,0
BRDA:838,67,1,0
BRDA:849,68,0,0
BRDA:849,68,1,0
BRDA:851,69,0,0
BRDA:851,69,1,0
BRDA:874,70,0,0
BRDA:874,70,1,0
BRDA:882,71,0,0
BRDA:882,71,1,0
BRDA:884,72,0,0
BRDA:884,72,1,0
BRDA:887,73,0,0
BRDA:887,73,1,0
BRDA:888,74,0,0
BRDA:888,74,1,0
BRDA:889,75,0,0
BRDA:889,75,1,0
BRDA:890,76,0,0
BRDA:890,76,1,0
BRDA:895,77,0,0
BRDA:895,77,1,0
BRDA:902,78,0,0
BRDA:902,78,1,0
BRDA:906,79,0,0
BRDA:906,79,1,0
BRDA:907,80,0,0
BRDA:907,80,1,0
BRDA:912,81,0,0
BRDA:912,81,1,0
BRDA:958,82,0,0
BRDA:958,82,1,0
BRDA:985,83,0,0
BRDA:985,83,1,0
BRDA:998,84,0,0
BRDA:998,84,1,0
BRDA:1030,85,0,0
BRDA:1030,85,1,0
BRDA:1037,86,0,0
BRDA:1037,86,1,0
BRDA:1050,87,0,0
BRDA:1050,87,1,0
BRDA:1062,88,0,0
BRDA:1062,88,1,0
BRDA:1063,89,0,0
BRDA:1063,89,1,0
BRDA:1071,90,0,0
BRDA:1071,90,1,0
BRDA:1072,91,0,0
BRDA:1072,91,1,0
BRDA:1080,92,0,0
BRDA:1080,92,1,0
BRDA:1108,93,0,0
BRDA:1108,93,1,0
BRDA:1120,94,0,0
BRDA:1120,94,1,0
BRDA:1132,95,0,0
BRDA:1132,95,1,0
BRDA:1141,96,0,0
BRDA:1141,96,1,0
BRDA:1143,97,0,0
BRDA:1143,97,1,0
BRDA:1157,98,0,0
BRDA:1157,98,1,0
BRDA:1190,99,0,0
BRDA:1190,99,1,0
BRDA:1208,100,0,0
BRDA:1208,100,1,0
BRDA:1221,101,0,0
BRDA:1221,101,1,0
BRDA:1229,102,0,0
BRDA:1229,102,1,0
BRDA:1238,103,0,0
BRDA:1238,103,1,0
BRDA:1247,104,0,0
BRDA:1247,104,1,0
BRDA:1278,105,0,0
BRDA:1278,105,1,0
BRF:211
BRH:8
end_of_record
TN:
SF:tests\testApp.js
FN:5,(anonymous_0)
FNF:1
FNH:1
FNDA:1,(anonymous_0)
DA:1,1
DA:2,1
DA:3,1
DA:5,1
DA:6,1
DA:9,1
DA:13,1
DA:19,1
DA:20,1
DA:22,1
LF:10
LH:10
BRF:0
BRH:0
end_of_record
TN:
SF:tests\testHelpers.js
FN:3,(anonymous_0)
FN:10,(anonymous_1)
FNF:2
FNH:2
FNDA:3,(anonymous_0)
FNDA:3,(anonymous_1)
DA:2,1
DA:3,3
DA:11,3
DA:12,3
DA:13,3
DA:14,3
DA:15,3
LF:7
LH:7
BRDA:3,0,0,3
BRDA:3,1,0,3
BRDA:3,2,0,3
BRDA:3,3,0,3
BRF:4
BRH:4
end_of_record
